[ 2017-10-10T15:21:12+08:00 ] ::1 /miniganzhoumaiche/index.php/Ht/Index/index.html
NOTIC: [8] Use of undefined constant SHOW_PAGE_TRACE - assumed 'SHOW_PAGE_TRACE' F:\phpStudy\WWW\miniganzhoumaiche\App\Common\Conf\debug.php 第 4 行.
INFO: [ app_init ] --START--
INFO: Run Behavior\BuildLiteBehavior [ RunTime:0.000019s ]
INFO: [ app_init ] --END-- [ RunTime:0.000101s ]
INFO: [ app_begin ] --START--
INFO: Run Behavior\ReadHtmlCacheBehavior [ RunTime:0.000856s ]
INFO: [ app_begin ] --END-- [ RunTime:0.000934s ]
INFO: [ view_parse ] --START--
INFO: [ template_filter ] --START--
INFO: Run Behavior\ContentReplaceBehavior [ RunTime:0.018296s ]
INFO: [ template_filter ] --END-- [ RunTime:0.018373s ]
INFO: Run Behavior\ParseTemplateBehavior [ RunTime:0.092139s ]
INFO: [ view_parse ] --END-- [ RunTime:0.092212s ]
INFO: [ view_filter ] --START--
INFO: Run Behavior\WriteHtmlCacheBehavior [ RunTime:0.000895s ]
INFO: [ view_filter ] --END-- [ RunTime:0.000978s ]

[ 2017-10-10T15:21:14+08:00 ] ::1 /miniganzhoumaiche/index.php/Ht/Login/index.html
NOTIC: [8] Use of undefined constant SHOW_PAGE_TRACE - assumed 'SHOW_PAGE_TRACE' F:\phpStudy\WWW\miniganzhoumaiche\App\Common\Conf\debug.php 第 4 行.
INFO: [ app_init ] --START--
INFO: Run Behavior\BuildLiteBehavior [ RunTime:0.000016s ]
INFO: [ app_init ] --END-- [ RunTime:0.000065s ]
INFO: [ app_begin ] --START--
INFO: Run Behavior\ReadHtmlCacheBehavior [ RunTime:0.001100s ]
INFO: [ app_begin ] --END-- [ RunTime:0.001180s ]
SQL: SHOW COLUMNS FROM `lr_program` [ RunTime:0.0230s ]
SQL: SELECT * FROM `lr_program` LIMIT 1   [ RunTime:0.0004s ]
INFO: [ view_parse ] --START--
INFO: [ template_filter ] --START--
INFO: Run Behavior\ContentReplaceBehavior [ RunTime:0.000068s ]
INFO: [ template_filter ] --END-- [ RunTime:0.000142s ]
NOTIC: [8] Undefined variable: key F:\phpStudy\WWW\miniganzhoumaiche\App\Runtime\Cache\Ht\2d4ce69e9c2d15d777794fcdbaefd3a2.php 第 24 行.
INFO: Run Behavior\ParseTemplateBehavior [ RunTime:0.026296s ]
INFO: [ view_parse ] --END-- [ RunTime:0.026381s ]
INFO: [ view_filter ] --START--
INFO: Run Behavior\WriteHtmlCacheBehavior [ RunTime:0.000692s ]
INFO: [ view_filter ] --END-- [ RunTime:0.000749s ]
INFO: [ app_end ] --START--
INFO: Run Behavior\ShowPageTraceBehavior [ RunTime:0.000821s ]
INFO: [ app_end ] --END-- [ RunTime:0.000872s ]

[ 2017-10-10T15:21:18+08:00 ] ::1 /miniganzhoumaiche/index.php/Ht/Login/index.html?key=
NOTIC: [8] Use of undefined constant SHOW_PAGE_TRACE - assumed 'SHOW_PAGE_TRACE' F:\phpStudy\WWW\miniganzhoumaiche\App\Common\Conf\debug.php 第 4 行.
INFO: [ app_init ] --START--
INFO: Run Behavior\BuildLiteBehavior [ RunTime:0.000013s ]
INFO: [ app_init ] --END-- [ RunTime:0.000058s ]
INFO: [ app_begin ] --START--
INFO: Run Behavior\ReadHtmlCacheBehavior [ RunTime:0.000700s ]
INFO: [ app_begin ] --END-- [ RunTime:0.000759s ]
SQL: SHOW COLUMNS FROM `lr_adminuser` [ RunTime:0.0202s ]
SQL: SELECT * FROM `lr_adminuser` WHERE ( name='admin' AND del<1 ) LIMIT 1   [ RunTime:0.0011s ]
SQL: SHOW COLUMNS FROM `lr_program` [ RunTime:0.0055s ]
SQL: SELECT * FROM `lr_program` LIMIT 1   [ RunTime:0.0005s ]
NOTIC: [8] Undefined index: shop_id F:\phpStudy\WWW\miniganzhoumaiche\App\Ht\Controller\LoginController.class.php 第 19 行.
NOTIC: [8] Undefined index: name F:\phpStudy\WWW\miniganzhoumaiche\App\Ht\Controller\LoginController.class.php 第 23 行.
INFO: [ view_parse ] --START--
INFO: [ template_filter ] --START--
INFO: Run Behavior\ContentReplaceBehavior [ RunTime:0.000058s ]
INFO: [ template_filter ] --END-- [ RunTime:0.000133s ]
INFO: Run Behavior\ParseTemplateBehavior [ RunTime:0.009838s ]
INFO: [ view_parse ] --END-- [ RunTime:0.009910s ]
INFO: [ view_filter ] --START--
INFO: Run Behavior\WriteHtmlCacheBehavior [ RunTime:0.000561s ]
INFO: [ view_filter ] --END-- [ RunTime:0.000611s ]
INFO: [ app_end ] --START--
INFO: Run Behavior\ShowPageTraceBehavior [ RunTime:0.000727s ]
INFO: [ app_end ] --END-- [ RunTime:0.000775s ]

[ 2017-10-10T15:21:20+08:00 ] ::1 /miniganzhoumaiche/index.php/Ht/Index/index.html
NOTIC: [8] Use of undefined constant SHOW_PAGE_TRACE - assumed 'SHOW_PAGE_TRACE' F:\phpStudy\WWW\miniganzhoumaiche\App\Common\Conf\debug.php 第 4 行.
INFO: [ app_init ] --START--
INFO: Run Behavior\BuildLiteBehavior [ RunTime:0.000019s ]
INFO: [ app_init ] --END-- [ RunTime:0.000080s ]
INFO: [ app_begin ] --START--
INFO: Run Behavior\ReadHtmlCacheBehavior [ RunTime:0.001646s ]
INFO: [ app_begin ] --END-- [ RunTime:0.001727s ]
SQL: SHOW COLUMNS FROM `lr_web` [ RunTime:0.1625s ]
SQL: SELECT `concent` FROM `lr_web` WHERE ( id=5 ) LIMIT 1   [ RunTime:0.0003s ]
INFO: [ view_parse ] --START--
INFO: [ template_filter ] --START--
INFO: Run Behavior\ContentReplaceBehavior [ RunTime:0.000276s ]
INFO: [ template_filter ] --END-- [ RunTime:0.000385s ]
INFO: Run Behavior\ParseTemplateBehavior [ RunTime:0.148858s ]
INFO: [ view_parse ] --END-- [ RunTime:0.148955s ]
INFO: [ view_filter ] --START--
INFO: Run Behavior\WriteHtmlCacheBehavior [ RunTime:0.000561s ]
INFO: [ view_filter ] --END-- [ RunTime:0.000645s ]
INFO: [ app_end ] --START--
INFO: Run Behavior\ShowPageTraceBehavior [ RunTime:0.001339s ]
INFO: [ app_end ] --END-- [ RunTime:0.001462s ]

[ 2017-10-10T15:21:20+08:00 ] ::1 /miniganzhoumaiche/index.php/Ht/Index/welcome.html
NOTIC: [8] Use of undefined constant SHOW_PAGE_TRACE - assumed 'SHOW_PAGE_TRACE' F:\phpStudy\WWW\miniganzhoumaiche\App\Common\Conf\debug.php 第 4 行.
INFO: [ app_init ] --START--
INFO: Run Behavior\BuildLiteBehavior [ RunTime:0.000015s ]
INFO: [ app_init ] --END-- [ RunTime:0.000058s ]
INFO: [ app_begin ] --START--
INFO: Run Behavior\ReadHtmlCacheBehavior [ RunTime:0.000615s ]
INFO: [ app_begin ] --END-- [ RunTime:0.000671s ]
SQL: SHOW COLUMNS FROM `lr_order` [ RunTime:0.0798s ]
SQL: SHOW COLUMNS FROM `lr_user` [ RunTime:0.0070s ]
SQL: SHOW COLUMNS FROM `lr_product` [ RunTime:0.0064s ]
SQL: SHOW COLUMNS FROM `lr_brand` [ RunTime:0.0068s ]
SQL: SHOW COLUMNS FROM `lr_shangchang` [ RunTime:0.0107s ]
SQL: SELECT COUNT(*) AS tp_count FROM `lr_order` WHERE ( del=0 ) LIMIT 1   [ RunTime:0.0004s ]
SQL: SELECT COUNT(*) AS tp_count FROM `lr_user` WHERE ( del=0 ) LIMIT 1   [ RunTime:0.0003s ]
SQL: SELECT COUNT(*) AS tp_count FROM `lr_product` WHERE ( del=0 ) LIMIT 1   [ RunTime:0.0003s ]
SQL: SELECT COUNT(*) AS tp_count FROM `lr_brand` LIMIT 1   [ RunTime:0.0002s ]
SQL: SELECT COUNT(*) AS tp_count FROM `lr_shangchang` LIMIT 1   [ RunTime:0.0002s ]
SQL: SELECT `price` FROM `lr_order` WHERE ( del=0 AND status>10 AND back!=2 )  [ RunTime:0.0003s ]
SQL: SELECT COUNT(*) AS tp_count FROM `lr_order` WHERE ( del=0 AND addtime>=1507564800 ) LIMIT 1   [ RunTime:0.0010s ]
SQL: SELECT COUNT(*) AS tp_count FROM `lr_user` WHERE ( del=0 AND addtime>=1507564800 ) LIMIT 1   [ RunTime:0.0003s ]
SQL: SELECT COUNT(*) AS tp_count FROM `lr_product` WHERE ( del=0 AND addtime>=1507564800 ) LIMIT 1   [ RunTime:0.0003s ]
SQL: SELECT COUNT(*) AS tp_count FROM `lr_brand` WHERE ( addtime>=1507564800 ) LIMIT 1   [ RunTime:0.0003s ]
SQL: SELECT COUNT(*) AS tp_count FROM `lr_shangchang` WHERE ( addtime>=1507564800 ) LIMIT 1   [ RunTime:0.0002s ]
SQL: SELECT COUNT(*) AS tp_count FROM `lr_order` WHERE ( del=0 AND status>10 AND back!=2 AND addtime>=1507564800 ) LIMIT 1   [ RunTime:0.0003s ]
NOTIC: [2] Invalid argument supplied for foreach() F:\phpStudy\WWW\miniganzhoumaiche\App\Ht\Controller\IndexController.class.php 第 58 行.
SQL: SELECT COUNT(*) AS tp_count FROM `lr_product` WHERE ( del=0 ) LIMIT 1   [ RunTime:0.0002s ]
SQL: SELECT COUNT(*) AS tp_count FROM `lr_product` WHERE ( del=0 AND addtime>=1507564800 ) LIMIT 1   [ RunTime:0.0003s ]
SQL: SELECT COUNT(*) AS tp_count FROM `lr_order` WHERE ( del=0 AND back!=2 AND addtime>=1506787200 ) LIMIT 1   [ RunTime:0.0002s ]
SQL: SELECT COUNT(*) AS tp_count FROM `lr_user` WHERE ( del=0 AND addtime>=1506787200 ) LIMIT 1   [ RunTime:0.0002s ]
SQL: SELECT COUNT(*) AS tp_count FROM `lr_product` WHERE ( del=0 AND addtime>=1506787200 ) LIMIT 1   [ RunTime:0.0002s ]
SQL: SELECT COUNT(*) AS tp_count FROM `lr_brand` WHERE ( addtime>=1506787200 ) LIMIT 1   [ RunTime:0.0002s ]
SQL: SELECT COUNT(*) AS tp_count FROM `lr_shangchang` WHERE ( addtime>=1506787200 ) LIMIT 1   [ RunTime:0.0002s ]
SQL: SELECT `price` FROM `lr_order` WHERE ( del=0 AND back!=2 AND addtime>=1506787200 )  [ RunTime:0.0003s ]
NOTIC: [8] Undefined variable: thismonthpay F:\phpStudy\WWW\miniganzhoumaiche\App\Ht\Controller\IndexController.class.php 第 74 行.
NOTIC: [2] Invalid argument supplied for foreach() F:\phpStudy\WWW\miniganzhoumaiche\App\Ht\Controller\IndexController.class.php 第 74 行.
INFO: [ view_parse ] --START--
INFO: [ template_filter ] --START--
INFO: Run Behavior\ContentReplaceBehavior [ RunTime:0.000083s ]
INFO: [ template_filter ] --END-- [ RunTime:0.000157s ]
INFO: Run Behavior\ParseTemplateBehavior [ RunTime:0.012100s ]
INFO: [ view_parse ] --END-- [ RunTime:0.012169s ]
INFO: [ view_filter ] --START--
INFO: Run Behavior\WriteHtmlCacheBehavior [ RunTime:0.000582s ]
INFO: [ view_filter ] --END-- [ RunTime:0.000634s ]
INFO: [ app_end ] --START--
INFO: Run Behavior\ShowPageTraceBehavior [ RunTime:0.000763s ]
INFO: [ app_end ] --END-- [ RunTime:0.000815s ]

[ 2017-10-10T15:57:23+08:00 ] ::1 /miniganzhoumaiche/index.php/Ht/Index/index.html
NOTIC: [8] Use of undefined constant SHOW_PAGE_TRACE - assumed 'SHOW_PAGE_TRACE' F:\phpStudy\WWW\miniganzhoumaiche\App\Common\Conf\debug.php 第 4 行.
INFO: [ app_init ] --START--
INFO: Run Behavior\BuildLiteBehavior [ RunTime:0.000014s ]
INFO: [ app_init ] --END-- [ RunTime:0.000065s ]
INFO: [ app_begin ] --START--
INFO: Run Behavior\ReadHtmlCacheBehavior [ RunTime:0.003713s ]
INFO: [ app_begin ] --END-- [ RunTime:0.003988s ]
SQL: SHOW COLUMNS FROM `lr_web` [ RunTime:0.0057s ]
SQL: SELECT `concent` FROM `lr_web` WHERE ( id=5 ) LIMIT 1   [ RunTime:0.0004s ]
INFO: [ view_parse ] --START--
INFO: [ template_filter ] --START--
INFO: Run Behavior\ContentReplaceBehavior [ RunTime:0.000122s ]
INFO: [ template_filter ] --END-- [ RunTime:0.000180s ]
INFO: Run Behavior\ParseTemplateBehavior [ RunTime:0.028441s ]
INFO: [ view_parse ] --END-- [ RunTime:0.028517s ]
INFO: [ view_filter ] --START--
INFO: Run Behavior\WriteHtmlCacheBehavior [ RunTime:0.000629s ]
INFO: [ view_filter ] --END-- [ RunTime:0.000741s ]
INFO: [ app_end ] --START--
INFO: Run Behavior\ShowPageTraceBehavior [ RunTime:0.001317s ]
INFO: [ app_end ] --END-- [ RunTime:0.001405s ]

[ 2017-10-10T15:57:23+08:00 ] ::1 /miniganzhoumaiche/index.php/Ht/Index/welcome.html
NOTIC: [8] Use of undefined constant SHOW_PAGE_TRACE - assumed 'SHOW_PAGE_TRACE' F:\phpStudy\WWW\miniganzhoumaiche\App\Common\Conf\debug.php 第 4 行.
INFO: [ app_init ] --START--
INFO: Run Behavior\BuildLiteBehavior [ RunTime:0.000017s ]
INFO: [ app_init ] --END-- [ RunTime:0.000075s ]
INFO: [ app_begin ] --START--
INFO: Run Behavior\ReadHtmlCacheBehavior [ RunTime:0.000761s ]
INFO: [ app_begin ] --END-- [ RunTime:0.000844s ]
SQL: SHOW COLUMNS FROM `lr_order` [ RunTime:0.0047s ]
SQL: SHOW COLUMNS FROM `lr_user` [ RunTime:0.0049s ]
SQL: SHOW COLUMNS FROM `lr_product` [ RunTime:0.0036s ]
SQL: SHOW COLUMNS FROM `lr_brand` [ RunTime:0.0036s ]
SQL: SHOW COLUMNS FROM `lr_shangchang` [ RunTime:0.0039s ]
SQL: SELECT COUNT(*) AS tp_count FROM `lr_order` WHERE ( del=0 ) LIMIT 1   [ RunTime:0.0007s ]
SQL: SELECT COUNT(*) AS tp_count FROM `lr_user` WHERE ( del=0 ) LIMIT 1   [ RunTime:0.0004s ]
SQL: SELECT COUNT(*) AS tp_count FROM `lr_product` WHERE ( del=0 ) LIMIT 1   [ RunTime:0.0004s ]
SQL: SELECT COUNT(*) AS tp_count FROM `lr_brand` LIMIT 1   [ RunTime:0.0002s ]
SQL: SELECT COUNT(*) AS tp_count FROM `lr_shangchang` LIMIT 1   [ RunTime:0.0003s ]
SQL: SELECT `price` FROM `lr_order` WHERE ( del=0 AND status>10 AND back!=2 )  [ RunTime:0.0003s ]
SQL: SELECT COUNT(*) AS tp_count FROM `lr_order` WHERE ( del=0 AND addtime>=1507564800 ) LIMIT 1   [ RunTime:0.0003s ]
SQL: SELECT COUNT(*) AS tp_count FROM `lr_user` WHERE ( del=0 AND addtime>=1507564800 ) LIMIT 1   [ RunTime:0.0003s ]
SQL: SELECT COUNT(*) AS tp_count FROM `lr_product` WHERE ( del=0 AND addtime>=1507564800 ) LIMIT 1   [ RunTime:0.0003s ]
SQL: SELECT COUNT(*) AS tp_count FROM `lr_brand` WHERE ( addtime>=1507564800 ) LIMIT 1   [ RunTime:0.0003s ]
SQL: SELECT COUNT(*) AS tp_count FROM `lr_shangchang` WHERE ( addtime>=1507564800 ) LIMIT 1   [ RunTime:0.0003s ]
SQL: SELECT COUNT(*) AS tp_count FROM `lr_order` WHERE ( del=0 AND status>10 AND back!=2 AND addtime>=1507564800 ) LIMIT 1   [ RunTime:0.0003s ]
NOTIC: [2] Invalid argument supplied for foreach() F:\phpStudy\WWW\miniganzhoumaiche\App\Ht\Controller\IndexController.class.php 第 58 行.
SQL: SELECT COUNT(*) AS tp_count FROM `lr_product` WHERE ( del=0 ) LIMIT 1   [ RunTime:0.0003s ]
SQL: SELECT COUNT(*) AS tp_count FROM `lr_product` WHERE ( del=0 AND addtime>=1507564800 ) LIMIT 1   [ RunTime:0.0003s ]
SQL: SELECT COUNT(*) AS tp_count FROM `lr_order` WHERE ( del=0 AND back!=2 AND addtime>=1506787200 ) LIMIT 1   [ RunTime:0.0003s ]
SQL: SELECT COUNT(*) AS tp_count FROM `lr_user` WHERE ( del=0 AND addtime>=1506787200 ) LIMIT 1   [ RunTime:0.0003s ]
SQL: SELECT COUNT(*) AS tp_count FROM `lr_product` WHERE ( del=0 AND addtime>=1506787200 ) LIMIT 1   [ RunTime:0.0004s ]
SQL: SELECT COUNT(*) AS tp_count FROM `lr_brand` WHERE ( addtime>=1506787200 ) LIMIT 1   [ RunTime:0.0003s ]
SQL: SELECT COUNT(*) AS tp_count FROM `lr_shangchang` WHERE ( addtime>=1506787200 ) LIMIT 1   [ RunTime:0.0002s ]
SQL: SELECT `price` FROM `lr_order` WHERE ( del=0 AND back!=2 AND addtime>=1506787200 )  [ RunTime:0.0002s ]
NOTIC: [8] Undefined variable: thismonthpay F:\phpStudy\WWW\miniganzhoumaiche\App\Ht\Controller\IndexController.class.php 第 74 行.
NOTIC: [2] Invalid argument supplied for foreach() F:\phpStudy\WWW\miniganzhoumaiche\App\Ht\Controller\IndexController.class.php 第 74 行.
INFO: [ view_parse ] --START--
INFO: [ template_filter ] --START--
INFO: Run Behavior\ContentReplaceBehavior [ RunTime:0.000080s ]
INFO: [ template_filter ] --END-- [ RunTime:0.000155s ]
INFO: Run Behavior\ParseTemplateBehavior [ RunTime:0.009884s ]
INFO: [ view_parse ] --END-- [ RunTime:0.009951s ]
INFO: [ view_filter ] --START--
INFO: Run Behavior\WriteHtmlCacheBehavior [ RunTime:0.000579s ]
INFO: [ view_filter ] --END-- [ RunTime:0.000637s ]
INFO: [ app_end ] --START--
INFO: Run Behavior\ShowPageTraceBehavior [ RunTime:0.000849s ]
INFO: [ app_end ] --END-- [ RunTime:0.000905s ]

[ 2017-10-10T15:57:27+08:00 ] ::1 /miniganzhoumaiche/index.php/Ht/Appoint/index.html
NOTIC: [8] Use of undefined constant SHOW_PAGE_TRACE - assumed 'SHOW_PAGE_TRACE' F:\phpStudy\WWW\miniganzhoumaiche\App\Common\Conf\debug.php 第 4 行.
INFO: [ app_init ] --START--
INFO: Run Behavior\BuildLiteBehavior [ RunTime:0.000017s ]
INFO: [ app_init ] --END-- [ RunTime:0.000070s ]
INFO: [ app_begin ] --START--
INFO: Run Behavior\ReadHtmlCacheBehavior [ RunTime:0.000766s ]
INFO: [ app_begin ] --END-- [ RunTime:0.000837s ]
SQL: SHOW COLUMNS FROM `lr_appoint` [ RunTime:0.0184s ]
NOTIC: [8] Undefined index: brand_name F:\phpStudy\WWW\miniganzhoumaiche\App\Ht\Controller\AppointController.class.php 第 20 行.

[ 2017-10-10T15:58:46+08:00 ] ::1 /miniganzhoumaiche/index.php/Ht/Appoint/index.html
NOTIC: [8] Use of undefined constant SHOW_PAGE_TRACE - assumed 'SHOW_PAGE_TRACE' F:\phpStudy\WWW\miniganzhoumaiche\App\Common\Conf\debug.php 第 4 行.
INFO: [ app_init ] --START--
INFO: Run Behavior\BuildLiteBehavior [ RunTime:0.000016s ]
INFO: [ app_init ] --END-- [ RunTime:0.000069s ]
INFO: [ app_begin ] --START--
INFO: Run Behavior\ReadHtmlCacheBehavior [ RunTime:0.000797s ]
INFO: [ app_begin ] --END-- [ RunTime:0.000863s ]
SQL: SHOW COLUMNS FROM `lr_appoint` [ RunTime:0.0030s ]
NOTIC: [8] Undefined index: name F:\phpStudy\WWW\miniganzhoumaiche\App\Ht\Controller\AppointController.class.php 第 20 行.
SQL: SELECT COUNT(*) AS tp_count FROM `lr_appoint` LIMIT 1   [ RunTime:0.0003s ]
SQL: SELECT * FROM `lr_appoint` LIMIT 0,20   [ RunTime:0.0006s ]
INFO: [ view_parse ] --START--
INFO: [ template_filter ] --START--
INFO: Run Behavior\ContentReplaceBehavior [ RunTime:0.000072s ]
INFO: [ template_filter ] --END-- [ RunTime:0.000136s ]
NOTIC: [8] Undefined variable: name F:\phpStudy\WWW\miniganzhoumaiche\App\Runtime\Cache\Ht\5740dc9f24a417ec4b5ef91fb01ac9eb.php 第 23 行.
NOTIC: [8] Undefined index: photo F:\phpStudy\WWW\miniganzhoumaiche\App\Runtime\Cache\Ht\5740dc9f24a417ec4b5ef91fb01ac9eb.php 第 38 行.
NOTIC: [8] Undefined index: type F:\phpStudy\WWW\miniganzhoumaiche\App\Runtime\Cache\Ht\5740dc9f24a417ec4b5ef91fb01ac9eb.php 第 40 行.
INFO: Run Behavior\ParseTemplateBehavior [ RunTime:0.013454s ]
INFO: [ view_parse ] --END-- [ RunTime:0.013518s ]
INFO: [ view_filter ] --START--
INFO: Run Behavior\WriteHtmlCacheBehavior [ RunTime:0.000637s ]
INFO: [ view_filter ] --END-- [ RunTime:0.000682s ]
INFO: [ app_end ] --START--
INFO: Run Behavior\ShowPageTraceBehavior [ RunTime:0.000780s ]
INFO: [ app_end ] --END-- [ RunTime:0.000827s ]

[ 2017-10-10T16:02:35+08:00 ] ::1 /miniganzhoumaiche/index.php/Ht/Appoint/index.html
NOTIC: [8] Use of undefined constant SHOW_PAGE_TRACE - assumed 'SHOW_PAGE_TRACE' F:\phpStudy\WWW\miniganzhoumaiche\App\Common\Conf\debug.php 第 4 行.
INFO: [ app_init ] --START--
INFO: Run Behavior\BuildLiteBehavior [ RunTime:0.000015s ]
INFO: [ app_init ] --END-- [ RunTime:0.000062s ]
INFO: [ app_begin ] --START--
INFO: Run Behavior\ReadHtmlCacheBehavior [ RunTime:0.000739s ]
INFO: [ app_begin ] --END-- [ RunTime:0.000805s ]
SQL: SHOW COLUMNS FROM `lr_appoint` [ RunTime:0.0028s ]
NOTIC: [8] Undefined index: name F:\phpStudy\WWW\miniganzhoumaiche\App\Ht\Controller\AppointController.class.php 第 20 行.
SQL: SELECT COUNT(*) AS tp_count FROM `lr_appoint` LIMIT 1   [ RunTime:0.0002s ]
SQL: SELECT * FROM `lr_appoint` LIMIT 0,20   [ RunTime:0.0004s ]
INFO: [ view_parse ] --START--
INFO: [ template_filter ] --START--
INFO: Run Behavior\ContentReplaceBehavior [ RunTime:0.000061s ]
INFO: [ template_filter ] --END-- [ RunTime:0.000116s ]
NOTIC: [8] Undefined variable: name F:\phpStudy\WWW\miniganzhoumaiche\App\Runtime\Cache\Ht\5740dc9f24a417ec4b5ef91fb01ac9eb.php 第 23 行.
INFO: Run Behavior\ParseTemplateBehavior [ RunTime:0.007953s ]
INFO: [ view_parse ] --END-- [ RunTime:0.008008s ]
INFO: [ view_filter ] --START--
INFO: Run Behavior\WriteHtmlCacheBehavior [ RunTime:0.000450s ]
INFO: [ view_filter ] --END-- [ RunTime:0.000489s ]
INFO: [ app_end ] --START--
INFO: Run Behavior\ShowPageTraceBehavior [ RunTime:0.000685s ]
INFO: [ app_end ] --END-- [ RunTime:0.000729s ]

[ 2017-10-10T16:03:59+08:00 ] ::1 /miniganzhoumaiche/index.php/Ht/Appoint/index.html
NOTIC: [8] Use of undefined constant SHOW_PAGE_TRACE - assumed 'SHOW_PAGE_TRACE' F:\phpStudy\WWW\miniganzhoumaiche\App\Common\Conf\debug.php 第 4 行.
INFO: [ app_init ] --START--
INFO: Run Behavior\BuildLiteBehavior [ RunTime:0.000013s ]
INFO: [ app_init ] --END-- [ RunTime:0.000056s ]
INFO: [ app_begin ] --START--
INFO: Run Behavior\ReadHtmlCacheBehavior [ RunTime:0.000911s ]
INFO: [ app_begin ] --END-- [ RunTime:0.000998s ]
SQL: SHOW COLUMNS FROM `lr_appoint` [ RunTime:0.0029s ]
NOTIC: [8] Undefined index: name F:\phpStudy\WWW\miniganzhoumaiche\App\Ht\Controller\AppointController.class.php 第 20 行.
SQL: SELECT COUNT(*) AS tp_count FROM `lr_appoint` LIMIT 1   [ RunTime:0.0004s ]
SQL: SELECT * FROM `lr_appoint` LIMIT 0,20   [ RunTime:0.0004s ]
INFO: [ view_parse ] --START--
INFO: [ template_filter ] --START--
INFO: Run Behavior\ContentReplaceBehavior [ RunTime:0.000067s ]
INFO: [ template_filter ] --END-- [ RunTime:0.000129s ]
NOTIC: [8] Undefined variable: name F:\phpStudy\WWW\miniganzhoumaiche\App\Runtime\Cache\Ht\5740dc9f24a417ec4b5ef91fb01ac9eb.php 第 23 行.
INFO: Run Behavior\ParseTemplateBehavior [ RunTime:0.008388s ]
INFO: [ view_parse ] --END-- [ RunTime:0.008446s ]
INFO: [ view_filter ] --START--
INFO: Run Behavior\WriteHtmlCacheBehavior [ RunTime:0.000393s ]
INFO: [ view_filter ] --END-- [ RunTime:0.000433s ]
INFO: [ app_end ] --START--
INFO: Run Behavior\ShowPageTraceBehavior [ RunTime:0.000633s ]
INFO: [ app_end ] --END-- [ RunTime:0.000674s ]

[ 2017-10-10T16:04:33+08:00 ] ::1 /miniganzhoumaiche/index.php/Ht/Brand/index.html
NOTIC: [8] Use of undefined constant SHOW_PAGE_TRACE - assumed 'SHOW_PAGE_TRACE' F:\phpStudy\WWW\miniganzhoumaiche\App\Common\Conf\debug.php 第 4 行.
INFO: [ app_init ] --START--
INFO: Run Behavior\BuildLiteBehavior [ RunTime:0.000013s ]
INFO: [ app_init ] --END-- [ RunTime:0.000055s ]
INFO: [ app_begin ] --START--
INFO: Run Behavior\ReadHtmlCacheBehavior [ RunTime:0.001612s ]
INFO: [ app_begin ] --END-- [ RunTime:0.001922s ]
SQL: SHOW COLUMNS FROM `lr_brand` [ RunTime:0.0028s ]
NOTIC: [8] Undefined index: brand_name F:\phpStudy\WWW\miniganzhoumaiche\App\Ht\Controller\BrandController.class.php 第 20 行.
SQL: SELECT COUNT(*) AS tp_count FROM `lr_brand` LIMIT 1   [ RunTime:0.0003s ]
SQL: SELECT * FROM `lr_brand` LIMIT 0,20   [ RunTime:0.0004s ]
INFO: [ view_parse ] --START--
INFO: [ template_filter ] --START--
INFO: Run Behavior\ContentReplaceBehavior [ RunTime:0.000080s ]
INFO: [ template_filter ] --END-- [ RunTime:0.000156s ]
NOTIC: [8] Undefined variable: name F:\phpStudy\WWW\miniganzhoumaiche\App\Runtime\Cache\Ht\25cfd1a0db0c5cc223023a4a3b031ae2.php 第 23 行.
INFO: Run Behavior\ParseTemplateBehavior [ RunTime:0.039985s ]
INFO: [ view_parse ] --END-- [ RunTime:0.040049s ]
INFO: [ view_filter ] --START--
INFO: Run Behavior\WriteHtmlCacheBehavior [ RunTime:0.000420s ]
INFO: [ view_filter ] --END-- [ RunTime:0.000464s ]
INFO: [ app_end ] --START--
INFO: Run Behavior\ShowPageTraceBehavior [ RunTime:0.000717s ]
INFO: [ app_end ] --END-- [ RunTime:0.000766s ]

[ 2017-10-10T16:04:37+08:00 ] ::1 /miniganzhoumaiche/index.php/Ht/Appoint/index.html
NOTIC: [8] Use of undefined constant SHOW_PAGE_TRACE - assumed 'SHOW_PAGE_TRACE' F:\phpStudy\WWW\miniganzhoumaiche\App\Common\Conf\debug.php 第 4 行.
INFO: [ app_init ] --START--
INFO: Run Behavior\BuildLiteBehavior [ RunTime:0.000014s ]
INFO: [ app_init ] --END-- [ RunTime:0.000062s ]
INFO: [ app_begin ] --START--
INFO: Run Behavior\ReadHtmlCacheBehavior [ RunTime:0.000741s ]
INFO: [ app_begin ] --END-- [ RunTime:0.000797s ]
SQL: SHOW COLUMNS FROM `lr_appoint` [ RunTime:0.0031s ]
NOTIC: [8] Undefined index: name F:\phpStudy\WWW\miniganzhoumaiche\App\Ht\Controller\AppointController.class.php 第 20 行.
SQL: SELECT COUNT(*) AS tp_count FROM `lr_appoint` LIMIT 1   [ RunTime:0.0003s ]
SQL: SELECT * FROM `lr_appoint` LIMIT 0,20   [ RunTime:0.0004s ]
INFO: [ view_parse ] --START--
INFO: [ template_filter ] --START--
INFO: Run Behavior\ContentReplaceBehavior [ RunTime:0.000061s ]
INFO: [ template_filter ] --END-- [ RunTime:0.000114s ]
NOTIC: [8] Undefined variable: name F:\phpStudy\WWW\miniganzhoumaiche\App\Runtime\Cache\Ht\5740dc9f24a417ec4b5ef91fb01ac9eb.php 第 23 行.
INFO: Run Behavior\ParseTemplateBehavior [ RunTime:0.008673s ]
INFO: [ view_parse ] --END-- [ RunTime:0.008730s ]
INFO: [ view_filter ] --START--
INFO: Run Behavior\WriteHtmlCacheBehavior [ RunTime:0.000476s ]
INFO: [ view_filter ] --END-- [ RunTime:0.000517s ]
INFO: [ app_end ] --START--
INFO: Run Behavior\ShowPageTraceBehavior [ RunTime:0.000858s ]
INFO: [ app_end ] --END-- [ RunTime:0.000907s ]

[ 2017-10-10T16:06:59+08:00 ] ::1 /miniganzhoumaiche/index.php/Ht/Appoint/index.html
NOTIC: [8] Use of undefined constant SHOW_PAGE_TRACE - assumed 'SHOW_PAGE_TRACE' F:\phpStudy\WWW\miniganzhoumaiche\App\Common\Conf\debug.php 第 4 行.
INFO: [ app_init ] --START--
INFO: Run Behavior\BuildLiteBehavior [ RunTime:0.000015s ]
INFO: [ app_init ] --END-- [ RunTime:0.000062s ]
INFO: [ app_begin ] --START--
INFO: Run Behavior\ReadHtmlCacheBehavior [ RunTime:0.000697s ]
INFO: [ app_begin ] --END-- [ RunTime:0.000755s ]
SQL: SHOW COLUMNS FROM `lr_appoint` [ RunTime:0.0030s ]
NOTIC: [8] Undefined index: name F:\phpStudy\WWW\miniganzhoumaiche\App\Ht\Controller\AppointController.class.php 第 20 行.
SQL: SELECT COUNT(*) AS tp_count FROM `lr_appoint` LIMIT 1   [ RunTime:0.0003s ]
SQL: SELECT * FROM `lr_appoint` LIMIT 0,20   [ RunTime:0.0004s ]
INFO: [ view_parse ] --START--
INFO: [ template_filter ] --START--
INFO: Run Behavior\ContentReplaceBehavior [ RunTime:0.000069s ]
INFO: [ template_filter ] --END-- [ RunTime:0.000132s ]
NOTIC: [8] Undefined variable: name F:\phpStudy\WWW\miniganzhoumaiche\App\Runtime\Cache\Ht\5740dc9f24a417ec4b5ef91fb01ac9eb.php 第 23 行.
INFO: Run Behavior\ParseTemplateBehavior [ RunTime:0.008348s ]
INFO: [ view_parse ] --END-- [ RunTime:0.008412s ]
INFO: [ view_filter ] --START--
INFO: Run Behavior\WriteHtmlCacheBehavior [ RunTime:0.000631s ]
INFO: [ view_filter ] --END-- [ RunTime:0.000683s ]
INFO: [ app_end ] --START--
INFO: Run Behavior\ShowPageTraceBehavior [ RunTime:0.000763s ]
INFO: [ app_end ] --END-- [ RunTime:0.000811s ]

[ 2017-10-10T16:07:01+08:00 ] ::1 /miniganzhoumaiche/index.php/Ht/Appoint/set_lx.html?id=1
NOTIC: [8] Use of undefined constant SHOW_PAGE_TRACE - assumed 'SHOW_PAGE_TRACE' F:\phpStudy\WWW\miniganzhoumaiche\App\Common\Conf\debug.php 第 4 行.
INFO: [ app_init ] --START--
INFO: Run Behavior\BuildLiteBehavior [ RunTime:0.000014s ]
INFO: [ app_init ] --END-- [ RunTime:0.000064s ]
INFO: [ app_begin ] --START--
INFO: Run Behavior\ReadHtmlCacheBehavior [ RunTime:0.000795s ]
INFO: [ app_begin ] --END-- [ RunTime:0.000883s ]
SQL: SHOW COLUMNS FROM `lr_appoint` [ RunTime:0.0028s ]
SQL: SELECT * FROM `lr_appoint` WHERE ( id=1 ) LIMIT 1   [ RunTime:0.0003s ]
SQL: UPDATE `lr_appoint` SET `status`='1' WHERE ( id=1 ) [ RunTime:0.0397s ]

[ 2017-10-10T16:07:01+08:00 ] ::1 /miniganzhoumaiche/index.php/Ht/Appoint/index.html
NOTIC: [8] Use of undefined constant SHOW_PAGE_TRACE - assumed 'SHOW_PAGE_TRACE' F:\phpStudy\WWW\miniganzhoumaiche\App\Common\Conf\debug.php 第 4 行.
INFO: [ app_init ] --START--
INFO: Run Behavior\BuildLiteBehavior [ RunTime:0.000014s ]
INFO: [ app_init ] --END-- [ RunTime:0.000060s ]
INFO: [ app_begin ] --START--
INFO: Run Behavior\ReadHtmlCacheBehavior [ RunTime:0.000617s ]
INFO: [ app_begin ] --END-- [ RunTime:0.000674s ]
SQL: SHOW COLUMNS FROM `lr_appoint` [ RunTime:0.0027s ]
NOTIC: [8] Undefined index: name F:\phpStudy\WWW\miniganzhoumaiche\App\Ht\Controller\AppointController.class.php 第 20 行.
SQL: SELECT COUNT(*) AS tp_count FROM `lr_appoint` LIMIT 1   [ RunTime:0.0003s ]
SQL: SELECT * FROM `lr_appoint` LIMIT 0,20   [ RunTime:0.0005s ]
INFO: [ view_parse ] --START--
INFO: [ template_filter ] --START--
INFO: Run Behavior\ContentReplaceBehavior [ RunTime:0.000069s ]
INFO: [ template_filter ] --END-- [ RunTime:0.000137s ]
NOTIC: [8] Undefined variable: name F:\phpStudy\WWW\miniganzhoumaiche\App\Runtime\Cache\Ht\5740dc9f24a417ec4b5ef91fb01ac9eb.php 第 23 行.
INFO: Run Behavior\ParseTemplateBehavior [ RunTime:0.008344s ]
INFO: [ view_parse ] --END-- [ RunTime:0.008414s ]
INFO: [ view_filter ] --START--
INFO: Run Behavior\WriteHtmlCacheBehavior [ RunTime:0.000903s ]
INFO: [ view_filter ] --END-- [ RunTime:0.000957s ]
INFO: [ app_end ] --START--
INFO: Run Behavior\ShowPageTraceBehavior [ RunTime:0.000756s ]
INFO: [ app_end ] --END-- [ RunTime:0.000811s ]

[ 2017-10-10T16:07:02+08:00 ] ::1 /miniganzhoumaiche/index.php/Ht/Appoint/set_lx.html?id=1
NOTIC: [8] Use of undefined constant SHOW_PAGE_TRACE - assumed 'SHOW_PAGE_TRACE' F:\phpStudy\WWW\miniganzhoumaiche\App\Common\Conf\debug.php 第 4 行.
INFO: [ app_init ] --START--
INFO: Run Behavior\BuildLiteBehavior [ RunTime:0.000014s ]
INFO: [ app_init ] --END-- [ RunTime:0.000062s ]
INFO: [ app_begin ] --START--
INFO: Run Behavior\ReadHtmlCacheBehavior [ RunTime:0.000719s ]
INFO: [ app_begin ] --END-- [ RunTime:0.000795s ]
SQL: SHOW COLUMNS FROM `lr_appoint` [ RunTime:0.0032s ]
SQL: SELECT * FROM `lr_appoint` WHERE ( id=1 ) LIMIT 1   [ RunTime:0.0003s ]
SQL: UPDATE `lr_appoint` SET `status`='0' WHERE ( id=1 ) [ RunTime:0.0003s ]

[ 2017-10-10T16:07:02+08:00 ] ::1 /miniganzhoumaiche/index.php/Ht/Appoint/index.html
NOTIC: [8] Use of undefined constant SHOW_PAGE_TRACE - assumed 'SHOW_PAGE_TRACE' F:\phpStudy\WWW\miniganzhoumaiche\App\Common\Conf\debug.php 第 4 行.
INFO: [ app_init ] --START--
INFO: Run Behavior\BuildLiteBehavior [ RunTime:0.000014s ]
INFO: [ app_init ] --END-- [ RunTime:0.000057s ]
INFO: [ app_begin ] --START--
INFO: Run Behavior\ReadHtmlCacheBehavior [ RunTime:0.000615s ]
INFO: [ app_begin ] --END-- [ RunTime:0.000667s ]
SQL: SHOW COLUMNS FROM `lr_appoint` [ RunTime:0.0029s ]
NOTIC: [8] Undefined index: name F:\phpStudy\WWW\miniganzhoumaiche\App\Ht\Controller\AppointController.class.php 第 20 行.
SQL: SELECT COUNT(*) AS tp_count FROM `lr_appoint` LIMIT 1   [ RunTime:0.0002s ]
SQL: SELECT * FROM `lr_appoint` LIMIT 0,20   [ RunTime:0.0003s ]
INFO: [ view_parse ] --START--
INFO: [ template_filter ] --START--
INFO: Run Behavior\ContentReplaceBehavior [ RunTime:0.000059s ]
INFO: [ template_filter ] --END-- [ RunTime:0.000114s ]
NOTIC: [8] Undefined variable: name F:\phpStudy\WWW\miniganzhoumaiche\App\Runtime\Cache\Ht\5740dc9f24a417ec4b5ef91fb01ac9eb.php 第 23 行.
INFO: Run Behavior\ParseTemplateBehavior [ RunTime:0.008039s ]
INFO: [ view_parse ] --END-- [ RunTime:0.008091s ]
INFO: [ view_filter ] --START--
INFO: Run Behavior\WriteHtmlCacheBehavior [ RunTime:0.000388s ]
INFO: [ view_filter ] --END-- [ RunTime:0.000426s ]
INFO: [ app_end ] --START--
INFO: Run Behavior\ShowPageTraceBehavior [ RunTime:0.000613s ]
INFO: [ app_end ] --END-- [ RunTime:0.000653s ]

[ 2017-10-10T16:07:34+08:00 ] ::1 /miniganzhoumaiche/index.php/Ht/Appoint/index.html
NOTIC: [8] Use of undefined constant SHOW_PAGE_TRACE - assumed 'SHOW_PAGE_TRACE' F:\phpStudy\WWW\miniganzhoumaiche\App\Common\Conf\debug.php 第 4 行.
INFO: [ app_init ] --START--
INFO: Run Behavior\BuildLiteBehavior [ RunTime:0.000014s ]
INFO: [ app_init ] --END-- [ RunTime:0.000063s ]
INFO: [ app_begin ] --START--
INFO: Run Behavior\ReadHtmlCacheBehavior [ RunTime:0.000746s ]
INFO: [ app_begin ] --END-- [ RunTime:0.000805s ]
SQL: SHOW COLUMNS FROM `lr_appoint` [ RunTime:0.0031s ]
NOTIC: [8] Undefined index: name F:\phpStudy\WWW\miniganzhoumaiche\App\Ht\Controller\AppointController.class.php 第 20 行.
SQL: SELECT COUNT(*) AS tp_count FROM `lr_appoint` LIMIT 1   [ RunTime:0.0003s ]
SQL: SELECT * FROM `lr_appoint` LIMIT 0,20   [ RunTime:0.0003s ]
INFO: [ view_parse ] --START--
INFO: [ template_filter ] --START--
INFO: Run Behavior\ContentReplaceBehavior [ RunTime:0.000060s ]
INFO: [ template_filter ] --END-- [ RunTime:0.000117s ]
NOTIC: [8] Undefined variable: name F:\phpStudy\WWW\miniganzhoumaiche\App\Runtime\Cache\Ht\5740dc9f24a417ec4b5ef91fb01ac9eb.php 第 23 行.
INFO: Run Behavior\ParseTemplateBehavior [ RunTime:0.008719s ]
INFO: [ view_parse ] --END-- [ RunTime:0.008779s ]
INFO: [ view_filter ] --START--
INFO: Run Behavior\WriteHtmlCacheBehavior [ RunTime:0.000513s ]
INFO: [ view_filter ] --END-- [ RunTime:0.000557s ]
INFO: [ app_end ] --START--
INFO: Run Behavior\ShowPageTraceBehavior [ RunTime:0.000756s ]
INFO: [ app_end ] --END-- [ RunTime:0.000798s ]

[ 2017-10-10T16:07:39+08:00 ] ::1 /miniganzhoumaiche/index.php/Ht/Appoint/set_lx.html?id=2
NOTIC: [8] Use of undefined constant SHOW_PAGE_TRACE - assumed 'SHOW_PAGE_TRACE' F:\phpStudy\WWW\miniganzhoumaiche\App\Common\Conf\debug.php 第 4 行.
INFO: [ app_init ] --START--
INFO: Run Behavior\BuildLiteBehavior [ RunTime:0.000014s ]
INFO: [ app_init ] --END-- [ RunTime:0.000058s ]
INFO: [ app_begin ] --START--
INFO: Run Behavior\ReadHtmlCacheBehavior [ RunTime:0.000615s ]
INFO: [ app_begin ] --END-- [ RunTime:0.000669s ]
SQL: SHOW COLUMNS FROM `lr_appoint` [ RunTime:0.0029s ]
SQL: SELECT * FROM `lr_appoint` WHERE ( id=2 ) LIMIT 1   [ RunTime:0.0003s ]
SQL: UPDATE `lr_appoint` SET `status`='1' WHERE ( id=2 ) [ RunTime:0.0003s ]

[ 2017-10-10T16:07:39+08:00 ] ::1 /miniganzhoumaiche/index.php/Ht/Appoint/index.html
NOTIC: [8] Use of undefined constant SHOW_PAGE_TRACE - assumed 'SHOW_PAGE_TRACE' F:\phpStudy\WWW\miniganzhoumaiche\App\Common\Conf\debug.php 第 4 行.
INFO: [ app_init ] --START--
INFO: Run Behavior\BuildLiteBehavior [ RunTime:0.000013s ]
INFO: [ app_init ] --END-- [ RunTime:0.000057s ]
INFO: [ app_begin ] --START--
INFO: Run Behavior\ReadHtmlCacheBehavior [ RunTime:0.000585s ]
INFO: [ app_begin ] --END-- [ RunTime:0.000640s ]
SQL: SHOW COLUMNS FROM `lr_appoint` [ RunTime:0.0027s ]
NOTIC: [8] Undefined index: name F:\phpStudy\WWW\miniganzhoumaiche\App\Ht\Controller\AppointController.class.php 第 20 行.
SQL: SELECT COUNT(*) AS tp_count FROM `lr_appoint` LIMIT 1   [ RunTime:0.0002s ]
SQL: SELECT * FROM `lr_appoint` LIMIT 0,20   [ RunTime:0.0003s ]
INFO: [ view_parse ] --START--
INFO: [ template_filter ] --START--
INFO: Run Behavior\ContentReplaceBehavior [ RunTime:0.000061s ]
INFO: [ template_filter ] --END-- [ RunTime:0.000116s ]
NOTIC: [8] Undefined variable: name F:\phpStudy\WWW\miniganzhoumaiche\App\Runtime\Cache\Ht\5740dc9f24a417ec4b5ef91fb01ac9eb.php 第 23 行.
INFO: Run Behavior\ParseTemplateBehavior [ RunTime:0.008320s ]
INFO: [ view_parse ] --END-- [ RunTime:0.008372s ]
INFO: [ view_filter ] --START--
INFO: Run Behavior\WriteHtmlCacheBehavior [ RunTime:0.000386s ]
INFO: [ view_filter ] --END-- [ RunTime:0.000433s ]
INFO: [ app_end ] --START--
INFO: Run Behavior\ShowPageTraceBehavior [ RunTime:0.000641s ]
INFO: [ app_end ] --END-- [ RunTime:0.000685s ]

[ 2017-10-10T16:07:42+08:00 ] ::1 /miniganzhoumaiche/index.php/Ht/Appoint/del.html?did=2
NOTIC: [8] Use of undefined constant SHOW_PAGE_TRACE - assumed 'SHOW_PAGE_TRACE' F:\phpStudy\WWW\miniganzhoumaiche\App\Common\Conf\debug.php 第 4 行.
INFO: [ app_init ] --START--
INFO: Run Behavior\BuildLiteBehavior [ RunTime:0.000018s ]
INFO: [ app_init ] --END-- [ RunTime:0.000077s ]
INFO: [ app_begin ] --START--
INFO: Run Behavior\ReadHtmlCacheBehavior [ RunTime:0.001341s ]
INFO: [ app_begin ] --END-- [ RunTime:0.001422s ]
SQL: SHOW COLUMNS FROM `lr_appoint` [ RunTime:0.0036s ]
SQL: SELECT * FROM `lr_appoint` WHERE ( id=2 ) LIMIT 1   [ RunTime:0.0004s ]
SQL: DELETE FROM `lr_appoint` WHERE ( id=2 ) [ RunTime:0.0175s ]
INFO: [ view_parse ] --START--
INFO: [ template_filter ] --START--
INFO: Run Behavior\ContentReplaceBehavior [ RunTime:0.000061s ]
INFO: [ template_filter ] --END-- [ RunTime:0.000133s ]
INFO: Run Behavior\ParseTemplateBehavior [ RunTime:0.006432s ]
INFO: [ view_parse ] --END-- [ RunTime:0.006515s ]
INFO: [ view_filter ] --START--
INFO: Run Behavior\WriteHtmlCacheBehavior [ RunTime:0.000366s ]
INFO: [ view_filter ] --END-- [ RunTime:0.000426s ]
INFO: [ app_end ] --START--
INFO: Run Behavior\ShowPageTraceBehavior [ RunTime:0.002372s ]
INFO: [ app_end ] --END-- [ RunTime:0.002441s ]

[ 2017-10-10T16:07:43+08:00 ] ::1 /miniganzhoumaiche/index.php/Ht/Appoint/index
NOTIC: [8] Use of undefined constant SHOW_PAGE_TRACE - assumed 'SHOW_PAGE_TRACE' F:\phpStudy\WWW\miniganzhoumaiche\App\Common\Conf\debug.php 第 4 行.
INFO: [ app_init ] --START--
INFO: Run Behavior\BuildLiteBehavior [ RunTime:0.000016s ]
INFO: [ app_init ] --END-- [ RunTime:0.000066s ]
INFO: [ app_begin ] --START--
INFO: Run Behavior\ReadHtmlCacheBehavior [ RunTime:0.002225s ]
INFO: [ app_begin ] --END-- [ RunTime:0.002319s ]
SQL: SHOW COLUMNS FROM `lr_appoint` [ RunTime:0.0030s ]
NOTIC: [8] Undefined index: name F:\phpStudy\WWW\miniganzhoumaiche\App\Ht\Controller\AppointController.class.php 第 20 行.
SQL: SELECT COUNT(*) AS tp_count FROM `lr_appoint` LIMIT 1   [ RunTime:0.0004s ]
SQL: SELECT * FROM `lr_appoint` LIMIT 0,20   [ RunTime:0.0005s ]
INFO: [ view_parse ] --START--
INFO: [ template_filter ] --START--
INFO: Run Behavior\ContentReplaceBehavior [ RunTime:0.000133s ]
INFO: [ template_filter ] --END-- [ RunTime:0.000222s ]
NOTIC: [8] Undefined variable: name F:\phpStudy\WWW\miniganzhoumaiche\App\Runtime\Cache\Ht\5740dc9f24a417ec4b5ef91fb01ac9eb.php 第 23 行.
INFO: Run Behavior\ParseTemplateBehavior [ RunTime:0.013611s ]
INFO: [ view_parse ] --END-- [ RunTime:0.013870s ]
INFO: [ view_filter ] --START--
INFO: Run Behavior\WriteHtmlCacheBehavior [ RunTime:0.001738s ]
INFO: [ view_filter ] --END-- [ RunTime:0.001963s ]
INFO: [ app_end ] --START--
INFO: Run Behavior\ShowPageTraceBehavior [ RunTime:0.003004s ]
INFO: [ app_end ] --END-- [ RunTime:0.003133s ]

[ 2017-10-10T16:08:42+08:00 ] ::1 /miniganzhoumaiche/index.php/Ht/Appoint/index.html?brand_name=s
NOTIC: [8] Use of undefined constant SHOW_PAGE_TRACE - assumed 'SHOW_PAGE_TRACE' F:\phpStudy\WWW\miniganzhoumaiche\App\Common\Conf\debug.php 第 4 行.
INFO: [ app_init ] --START--
INFO: Run Behavior\BuildLiteBehavior [ RunTime:0.000014s ]
INFO: [ app_init ] --END-- [ RunTime:0.000061s ]
INFO: [ app_begin ] --START--
INFO: Run Behavior\ReadHtmlCacheBehavior [ RunTime:0.000613s ]
INFO: [ app_begin ] --END-- [ RunTime:0.000665s ]
SQL: SHOW COLUMNS FROM `lr_appoint` [ RunTime:0.0029s ]
NOTIC: [8] Undefined index: name F:\phpStudy\WWW\miniganzhoumaiche\App\Ht\Controller\AppointController.class.php 第 20 行.
SQL: SELECT COUNT(*) AS tp_count FROM `lr_appoint` LIMIT 1   [ RunTime:0.0003s ]
SQL: SELECT * FROM `lr_appoint` LIMIT 0,20   [ RunTime:0.0004s ]
INFO: [ view_parse ] --START--
INFO: [ template_filter ] --START--
INFO: Run Behavior\ContentReplaceBehavior [ RunTime:0.000059s ]
INFO: [ template_filter ] --END-- [ RunTime:0.000110s ]
NOTIC: [8] Undefined variable: name F:\phpStudy\WWW\miniganzhoumaiche\App\Runtime\Cache\Ht\5740dc9f24a417ec4b5ef91fb01ac9eb.php 第 23 行.
INFO: Run Behavior\ParseTemplateBehavior [ RunTime:0.007679s ]
INFO: [ view_parse ] --END-- [ RunTime:0.007734s ]
INFO: [ view_filter ] --START--
INFO: Run Behavior\WriteHtmlCacheBehavior [ RunTime:0.000402s ]
INFO: [ view_filter ] --END-- [ RunTime:0.000439s ]
INFO: [ app_end ] --START--
INFO: Run Behavior\ShowPageTraceBehavior [ RunTime:0.000624s ]
INFO: [ app_end ] --END-- [ RunTime:0.000665s ]

[ 2017-10-10T16:09:04+08:00 ] ::1 /miniganzhoumaiche/index.php/Ht/Appoint/index.html?brand_name=s
NOTIC: [8] Use of undefined constant SHOW_PAGE_TRACE - assumed 'SHOW_PAGE_TRACE' F:\phpStudy\WWW\miniganzhoumaiche\App\Common\Conf\debug.php 第 4 行.
INFO: [ app_init ] --START--
INFO: Run Behavior\BuildLiteBehavior [ RunTime:0.000015s ]
INFO: [ app_init ] --END-- [ RunTime:0.000062s ]
INFO: [ app_begin ] --START--
INFO: Run Behavior\ReadHtmlCacheBehavior [ RunTime:0.000631s ]
INFO: [ app_begin ] --END-- [ RunTime:0.000686s ]
SQL: SHOW COLUMNS FROM `lr_appoint` [ RunTime:0.0029s ]
NOTIC: [8] Undefined index: name F:\phpStudy\WWW\miniganzhoumaiche\App\Ht\Controller\AppointController.class.php 第 20 行.
SQL: SELECT COUNT(*) AS tp_count FROM `lr_appoint` LIMIT 1   [ RunTime:0.0003s ]
SQL: SELECT * FROM `lr_appoint` LIMIT 0,20   [ RunTime:0.0004s ]
INFO: [ view_parse ] --START--
INFO: [ template_filter ] --START--
INFO: Run Behavior\ContentReplaceBehavior [ RunTime:0.000061s ]
INFO: [ template_filter ] --END-- [ RunTime:0.000115s ]
NOTIC: [8] Undefined variable: name F:\phpStudy\WWW\miniganzhoumaiche\App\Runtime\Cache\Ht\5740dc9f24a417ec4b5ef91fb01ac9eb.php 第 23 行.
INFO: Run Behavior\ParseTemplateBehavior [ RunTime:0.008261s ]
INFO: [ view_parse ] --END-- [ RunTime:0.008319s ]
INFO: [ view_filter ] --START--
INFO: Run Behavior\WriteHtmlCacheBehavior [ RunTime:0.000464s ]
INFO: [ view_filter ] --END-- [ RunTime:0.000510s ]
INFO: [ app_end ] --START--
INFO: Run Behavior\ShowPageTraceBehavior [ RunTime:0.000676s ]
INFO: [ app_end ] --END-- [ RunTime:0.000719s ]

[ 2017-10-10T16:10:29+08:00 ] ::1 /miniganzhoumaiche/index.php/Ht/Appoint/index.html?name=fs
NOTIC: [8] Use of undefined constant SHOW_PAGE_TRACE - assumed 'SHOW_PAGE_TRACE' F:\phpStudy\WWW\miniganzhoumaiche\App\Common\Conf\debug.php 第 4 行.
INFO: [ app_init ] --START--
INFO: Run Behavior\BuildLiteBehavior [ RunTime:0.000015s ]
INFO: [ app_init ] --END-- [ RunTime:0.000066s ]
INFO: [ app_begin ] --START--
INFO: Run Behavior\ReadHtmlCacheBehavior [ RunTime:0.000925s ]
INFO: [ app_begin ] --END-- [ RunTime:0.001034s ]
SQL: SHOW COLUMNS FROM `lr_appoint` [ RunTime:0.0033s ]
SQL: SELECT COUNT(*) AS tp_count FROM `lr_appoint` WHERE `name` LIKE '%fs%' LIMIT 1   [ RunTime:0.0003s ]
SQL: SELECT * FROM `lr_appoint` WHERE `name` LIKE '%fs%' LIMIT 0,20   [ RunTime:0.0003s ]
INFO: [ view_parse ] --START--
INFO: [ template_filter ] --START--
INFO: Run Behavior\ContentReplaceBehavior [ RunTime:0.000063s ]
INFO: [ template_filter ] --END-- [ RunTime:0.000120s ]
INFO: Run Behavior\ParseTemplateBehavior [ RunTime:0.008280s ]
INFO: [ view_parse ] --END-- [ RunTime:0.008344s ]
INFO: [ view_filter ] --START--
INFO: Run Behavior\WriteHtmlCacheBehavior [ RunTime:0.000484s ]
INFO: [ view_filter ] --END-- [ RunTime:0.000529s ]
INFO: [ app_end ] --START--
INFO: Run Behavior\ShowPageTraceBehavior [ RunTime:0.000716s ]
INFO: [ app_end ] --END-- [ RunTime:0.000761s ]

[ 2017-10-10T16:10:34+08:00 ] ::1 /miniganzhoumaiche/index.php/Ht/Appoint/index.html?name=feng
NOTIC: [8] Use of undefined constant SHOW_PAGE_TRACE - assumed 'SHOW_PAGE_TRACE' F:\phpStudy\WWW\miniganzhoumaiche\App\Common\Conf\debug.php 第 4 行.
INFO: [ app_init ] --START--
INFO: Run Behavior\BuildLiteBehavior [ RunTime:0.000014s ]
INFO: [ app_init ] --END-- [ RunTime:0.000060s ]
INFO: [ app_begin ] --START--
INFO: Run Behavior\ReadHtmlCacheBehavior [ RunTime:0.000614s ]
INFO: [ app_begin ] --END-- [ RunTime:0.000669s ]
SQL: SHOW COLUMNS FROM `lr_appoint` [ RunTime:0.0029s ]
SQL: SELECT COUNT(*) AS tp_count FROM `lr_appoint` WHERE `name` LIKE '%feng%' LIMIT 1   [ RunTime:0.0004s ]
SQL: SELECT * FROM `lr_appoint` WHERE `name` LIKE '%feng%' LIMIT 0,20   [ RunTime:0.0003s ]
INFO: [ view_parse ] --START--
INFO: [ template_filter ] --START--
INFO: Run Behavior\ContentReplaceBehavior [ RunTime:0.000059s ]
INFO: [ template_filter ] --END-- [ RunTime:0.000110s ]
INFO: Run Behavior\ParseTemplateBehavior [ RunTime:0.007272s ]
INFO: [ view_parse ] --END-- [ RunTime:0.007328s ]
INFO: [ view_filter ] --START--
INFO: Run Behavior\WriteHtmlCacheBehavior [ RunTime:0.000384s ]
INFO: [ view_filter ] --END-- [ RunTime:0.000423s ]
INFO: [ app_end ] --START--
INFO: Run Behavior\ShowPageTraceBehavior [ RunTime:0.000652s ]
INFO: [ app_end ] --END-- [ RunTime:0.000693s ]

[ 2017-10-10T16:10:39+08:00 ] ::1 /miniganzhoumaiche/index.php/Ht/Appoint/index.html?name=%E9%94%8B
NOTIC: [8] Use of undefined constant SHOW_PAGE_TRACE - assumed 'SHOW_PAGE_TRACE' F:\phpStudy\WWW\miniganzhoumaiche\App\Common\Conf\debug.php 第 4 行.
INFO: [ app_init ] --START--
INFO: Run Behavior\BuildLiteBehavior [ RunTime:0.000015s ]
INFO: [ app_init ] --END-- [ RunTime:0.000060s ]
INFO: [ app_begin ] --START--
INFO: Run Behavior\ReadHtmlCacheBehavior [ RunTime:0.000626s ]
INFO: [ app_begin ] --END-- [ RunTime:0.000682s ]
SQL: SHOW COLUMNS FROM `lr_appoint` [ RunTime:0.0029s ]
SQL: SELECT COUNT(*) AS tp_count FROM `lr_appoint` WHERE `name` LIKE '%锋%' LIMIT 1   [ RunTime:0.0003s ]
SQL: SELECT * FROM `lr_appoint` WHERE `name` LIKE '%锋%' LIMIT 0,20   [ RunTime:0.0004s ]
INFO: [ view_parse ] --START--
INFO: [ template_filter ] --START--
INFO: Run Behavior\ContentReplaceBehavior [ RunTime:0.000059s ]
INFO: [ template_filter ] --END-- [ RunTime:0.000111s ]
INFO: Run Behavior\ParseTemplateBehavior [ RunTime:0.008401s ]
INFO: [ view_parse ] --END-- [ RunTime:0.008470s ]
INFO: [ view_filter ] --START--
INFO: Run Behavior\WriteHtmlCacheBehavior [ RunTime:0.000414s ]
INFO: [ view_filter ] --END-- [ RunTime:0.000455s ]
INFO: [ app_end ] --START--
INFO: Run Behavior\ShowPageTraceBehavior [ RunTime:0.000633s ]
INFO: [ app_end ] --END-- [ RunTime:0.000676s ]

[ 2017-10-10T16:31:55+08:00 ] ::1 /miniganzhoumaiche/index.php/Ht/Brand/index.html
NOTIC: [8] Use of undefined constant SHOW_PAGE_TRACE - assumed 'SHOW_PAGE_TRACE' F:\phpStudy\WWW\miniganzhoumaiche\App\Common\Conf\debug.php 第 4 行.
INFO: [ app_init ] --START--
INFO: Run Behavior\BuildLiteBehavior [ RunTime:0.000014s ]
INFO: [ app_init ] --END-- [ RunTime:0.000073s ]
INFO: [ app_begin ] --START--
INFO: Run Behavior\ReadHtmlCacheBehavior [ RunTime:0.000697s ]
INFO: [ app_begin ] --END-- [ RunTime:0.000753s ]
SQL: SHOW COLUMNS FROM `lr_brand` [ RunTime:0.0032s ]
NOTIC: [8] Undefined index: brand_name F:\phpStudy\WWW\miniganzhoumaiche\App\Ht\Controller\BrandController.class.php 第 20 行.
SQL: SELECT COUNT(*) AS tp_count FROM `lr_brand` LIMIT 1   [ RunTime:0.0002s ]
SQL: SELECT * FROM `lr_brand` LIMIT 0,20   [ RunTime:0.0003s ]
INFO: [ view_parse ] --START--
INFO: [ template_filter ] --START--
INFO: Run Behavior\ContentReplaceBehavior [ RunTime:0.000068s ]
INFO: [ template_filter ] --END-- [ RunTime:0.000123s ]
NOTIC: [8] Undefined variable: name F:\phpStudy\WWW\miniganzhoumaiche\App\Runtime\Cache\Ht\25cfd1a0db0c5cc223023a4a3b031ae2.php 第 23 行.
INFO: Run Behavior\ParseTemplateBehavior [ RunTime:0.009172s ]
INFO: [ view_parse ] --END-- [ RunTime:0.009232s ]
INFO: [ view_filter ] --START--
INFO: Run Behavior\WriteHtmlCacheBehavior [ RunTime:0.000535s ]
INFO: [ view_filter ] --END-- [ RunTime:0.000579s ]
INFO: [ app_end ] --START--
INFO: Run Behavior\ShowPageTraceBehavior [ RunTime:0.000685s ]
INFO: [ app_end ] --END-- [ RunTime:0.000727s ]

[ 2017-10-10T16:32:08+08:00 ] ::1 /miniganzhoumaiche/index.php/Ht/Brand/index.html?brand_name=%E5%AE%9D%E9%A9%AC
NOTIC: [8] Use of undefined constant SHOW_PAGE_TRACE - assumed 'SHOW_PAGE_TRACE' F:\phpStudy\WWW\miniganzhoumaiche\App\Common\Conf\debug.php 第 4 行.
INFO: [ app_init ] --START--
INFO: Run Behavior\BuildLiteBehavior [ RunTime:0.000014s ]
INFO: [ app_init ] --END-- [ RunTime:0.000059s ]
INFO: [ app_begin ] --START--
INFO: Run Behavior\ReadHtmlCacheBehavior [ RunTime:0.000635s ]
INFO: [ app_begin ] --END-- [ RunTime:0.000689s ]
SQL: SHOW COLUMNS FROM `lr_brand` [ RunTime:0.0029s ]
SQL: SELECT COUNT(*) AS tp_count FROM `lr_brand` LIMIT 1   [ RunTime:0.0003s ]
SQL: SELECT * FROM `lr_brand` LIMIT 0,20   [ RunTime:0.0004s ]
INFO: [ view_parse ] --START--
INFO: [ template_filter ] --START--
INFO: Run Behavior\ContentReplaceBehavior [ RunTime:0.000062s ]
INFO: [ template_filter ] --END-- [ RunTime:0.000113s ]
NOTIC: [8] Undefined variable: name F:\phpStudy\WWW\miniganzhoumaiche\App\Runtime\Cache\Ht\25cfd1a0db0c5cc223023a4a3b031ae2.php 第 23 行.
INFO: Run Behavior\ParseTemplateBehavior [ RunTime:0.009169s ]
INFO: [ view_parse ] --END-- [ RunTime:0.009228s ]
INFO: [ view_filter ] --START--
INFO: Run Behavior\WriteHtmlCacheBehavior [ RunTime:0.000553s ]
INFO: [ view_filter ] --END-- [ RunTime:0.000595s ]
INFO: [ app_end ] --START--
INFO: Run Behavior\ShowPageTraceBehavior [ RunTime:0.000639s ]
INFO: [ app_end ] --END-- [ RunTime:0.000679s ]

[ 2017-10-10T16:32:40+08:00 ] ::1 /miniganzhoumaiche/index.php/Ht/Brand/index.html?brand_name=%E5%AE%9D%E9%A9%AC
NOTIC: [8] Use of undefined constant SHOW_PAGE_TRACE - assumed 'SHOW_PAGE_TRACE' F:\phpStudy\WWW\miniganzhoumaiche\App\Common\Conf\debug.php 第 4 行.
INFO: [ app_init ] --START--
INFO: Run Behavior\BuildLiteBehavior [ RunTime:0.000014s ]
INFO: [ app_init ] --END-- [ RunTime:0.000075s ]
INFO: [ app_begin ] --START--
INFO: Run Behavior\ReadHtmlCacheBehavior [ RunTime:0.000683s ]
INFO: [ app_begin ] --END-- [ RunTime:0.000770s ]
SQL: SHOW COLUMNS FROM `lr_brand` [ RunTime:0.0034s ]
SQL: SELECT COUNT(*) AS tp_count FROM `lr_brand` WHERE `name` LIKE '%宝马%' LIMIT 1   [ RunTime:0.0004s ]
SQL: SELECT * FROM `lr_brand` WHERE `name` LIKE '%宝马%' LIMIT 0,20   [ RunTime:0.0004s ]
INFO: [ view_parse ] --START--
INFO: [ template_filter ] --START--
INFO: Run Behavior\ContentReplaceBehavior [ RunTime:0.000067s ]
INFO: [ template_filter ] --END-- [ RunTime:0.000125s ]
INFO: Run Behavior\ParseTemplateBehavior [ RunTime:0.009469s ]
INFO: [ view_parse ] --END-- [ RunTime:0.009541s ]
INFO: [ view_filter ] --START--
INFO: Run Behavior\WriteHtmlCacheBehavior [ RunTime:0.000728s ]
INFO: [ view_filter ] --END-- [ RunTime:0.000839s ]
INFO: [ app_end ] --START--
INFO: Run Behavior\ShowPageTraceBehavior [ RunTime:0.000693s ]
INFO: [ app_end ] --END-- [ RunTime:0.000735s ]

[ 2017-10-10T16:32:46+08:00 ] ::1 /miniganzhoumaiche/index.php/Ht/Brand/index.html?brand_name=%E5%AE%9D
NOTIC: [8] Use of undefined constant SHOW_PAGE_TRACE - assumed 'SHOW_PAGE_TRACE' F:\phpStudy\WWW\miniganzhoumaiche\App\Common\Conf\debug.php 第 4 行.
INFO: [ app_init ] --START--
INFO: Run Behavior\BuildLiteBehavior [ RunTime:0.000015s ]
INFO: [ app_init ] --END-- [ RunTime:0.000059s ]
INFO: [ app_begin ] --START--
INFO: Run Behavior\ReadHtmlCacheBehavior [ RunTime:0.000630s ]
INFO: [ app_begin ] --END-- [ RunTime:0.000689s ]
SQL: SHOW COLUMNS FROM `lr_brand` [ RunTime:0.0027s ]
SQL: SELECT COUNT(*) AS tp_count FROM `lr_brand` WHERE `name` LIKE '%宝%' LIMIT 1   [ RunTime:0.0003s ]
SQL: SELECT * FROM `lr_brand` WHERE `name` LIKE '%宝%' LIMIT 0,20   [ RunTime:0.0004s ]
INFO: [ view_parse ] --START--
INFO: [ template_filter ] --START--
INFO: Run Behavior\ContentReplaceBehavior [ RunTime:0.000064s ]
INFO: [ template_filter ] --END-- [ RunTime:0.000120s ]
INFO: Run Behavior\ParseTemplateBehavior [ RunTime:0.009444s ]
INFO: [ view_parse ] --END-- [ RunTime:0.009519s ]
INFO: [ view_filter ] --START--
INFO: Run Behavior\WriteHtmlCacheBehavior [ RunTime:0.000620s ]
INFO: [ view_filter ] --END-- [ RunTime:0.000675s ]
INFO: [ app_end ] --START--
INFO: Run Behavior\ShowPageTraceBehavior [ RunTime:0.000696s ]
INFO: [ app_end ] --END-- [ RunTime:0.000741s ]

[ 2017-10-10T16:32:51+08:00 ] ::1 /miniganzhoumaiche/index.php/Ht/Brand/index.html?brand_name=%E5%AE%BE%E5%88%A9
NOTIC: [8] Use of undefined constant SHOW_PAGE_TRACE - assumed 'SHOW_PAGE_TRACE' F:\phpStudy\WWW\miniganzhoumaiche\App\Common\Conf\debug.php 第 4 行.
INFO: [ app_init ] --START--
INFO: Run Behavior\BuildLiteBehavior [ RunTime:0.000014s ]
INFO: [ app_init ] --END-- [ RunTime:0.000059s ]
INFO: [ app_begin ] --START--
INFO: Run Behavior\ReadHtmlCacheBehavior [ RunTime:0.000619s ]
INFO: [ app_begin ] --END-- [ RunTime:0.000674s ]
SQL: SHOW COLUMNS FROM `lr_brand` [ RunTime:0.0028s ]
SQL: SELECT COUNT(*) AS tp_count FROM `lr_brand` WHERE `name` LIKE '%宾利%' LIMIT 1   [ RunTime:0.0003s ]
SQL: SELECT * FROM `lr_brand` WHERE `name` LIKE '%宾利%' LIMIT 0,20   [ RunTime:0.0003s ]
INFO: [ view_parse ] --START--
INFO: [ template_filter ] --START--
INFO: Run Behavior\ContentReplaceBehavior [ RunTime:0.000065s ]
INFO: [ template_filter ] --END-- [ RunTime:0.000119s ]
INFO: Run Behavior\ParseTemplateBehavior [ RunTime:0.008381s ]
INFO: [ view_parse ] --END-- [ RunTime:0.008446s ]
INFO: [ view_filter ] --START--
INFO: Run Behavior\WriteHtmlCacheBehavior [ RunTime:0.000507s ]
INFO: [ view_filter ] --END-- [ RunTime:0.000550s ]
INFO: [ app_end ] --START--
INFO: Run Behavior\ShowPageTraceBehavior [ RunTime:0.000593s ]
INFO: [ app_end ] --END-- [ RunTime:0.000634s ]

[ 2017-10-10T16:32:53+08:00 ] ::1 /miniganzhoumaiche/index.php/Ht/Brand/index.html?brand_name=%E5%AE%BE
NOTIC: [8] Use of undefined constant SHOW_PAGE_TRACE - assumed 'SHOW_PAGE_TRACE' F:\phpStudy\WWW\miniganzhoumaiche\App\Common\Conf\debug.php 第 4 行.
INFO: [ app_init ] --START--
INFO: Run Behavior\BuildLiteBehavior [ RunTime:0.000016s ]
INFO: [ app_init ] --END-- [ RunTime:0.000071s ]
INFO: [ app_begin ] --START--
INFO: Run Behavior\ReadHtmlCacheBehavior [ RunTime:0.000652s ]
INFO: [ app_begin ] --END-- [ RunTime:0.000786s ]
SQL: SHOW COLUMNS FROM `lr_brand` [ RunTime:0.0030s ]
SQL: SELECT COUNT(*) AS tp_count FROM `lr_brand` WHERE `name` LIKE '%宾%' LIMIT 1   [ RunTime:0.0003s ]
SQL: SELECT * FROM `lr_brand` WHERE `name` LIKE '%宾%' LIMIT 0,20   [ RunTime:0.0004s ]
INFO: [ view_parse ] --START--
INFO: [ template_filter ] --START--
INFO: Run Behavior\ContentReplaceBehavior [ RunTime:0.000098s ]
INFO: [ template_filter ] --END-- [ RunTime:0.000188s ]
INFO: Run Behavior\ParseTemplateBehavior [ RunTime:0.009375s ]
INFO: [ view_parse ] --END-- [ RunTime:0.009445s ]
INFO: [ view_filter ] --START--
INFO: Run Behavior\WriteHtmlCacheBehavior [ RunTime:0.000585s ]
INFO: [ view_filter ] --END-- [ RunTime:0.000635s ]
INFO: [ app_end ] --START--
INFO: Run Behavior\ShowPageTraceBehavior [ RunTime:0.000879s ]
INFO: [ app_end ] --END-- [ RunTime:0.000933s ]

[ 2017-10-10T16:32:54+08:00 ] ::1 /miniganzhoumaiche/index.php/Ht/Brand/index.html?brand_name=
NOTIC: [8] Use of undefined constant SHOW_PAGE_TRACE - assumed 'SHOW_PAGE_TRACE' F:\phpStudy\WWW\miniganzhoumaiche\App\Common\Conf\debug.php 第 4 行.
INFO: [ app_init ] --START--
INFO: Run Behavior\BuildLiteBehavior [ RunTime:0.000015s ]
INFO: [ app_init ] --END-- [ RunTime:0.000063s ]
INFO: [ app_begin ] --START--
INFO: Run Behavior\ReadHtmlCacheBehavior [ RunTime:0.000619s ]
INFO: [ app_begin ] --END-- [ RunTime:0.000672s ]
SQL: SHOW COLUMNS FROM `lr_brand` [ RunTime:0.0027s ]
SQL: SELECT COUNT(*) AS tp_count FROM `lr_brand` LIMIT 1   [ RunTime:0.0002s ]
SQL: SELECT * FROM `lr_brand` LIMIT 0,20   [ RunTime:0.0004s ]
INFO: [ view_parse ] --START--
INFO: [ template_filter ] --START--
INFO: Run Behavior\ContentReplaceBehavior [ RunTime:0.000062s ]
INFO: [ template_filter ] --END-- [ RunTime:0.000118s ]
NOTIC: [8] Undefined variable: name F:\phpStudy\WWW\miniganzhoumaiche\App\Runtime\Cache\Ht\25cfd1a0db0c5cc223023a4a3b031ae2.php 第 23 行.
INFO: Run Behavior\ParseTemplateBehavior [ RunTime:0.009096s ]
INFO: [ view_parse ] --END-- [ RunTime:0.009147s ]
INFO: [ view_filter ] --START--
INFO: Run Behavior\WriteHtmlCacheBehavior [ RunTime:0.000558s ]
INFO: [ view_filter ] --END-- [ RunTime:0.000597s ]
INFO: [ app_end ] --START--
INFO: Run Behavior\ShowPageTraceBehavior [ RunTime:0.000636s ]
INFO: [ app_end ] --END-- [ RunTime:0.000676s ]

