[ 2017-10-09T08:24:13+08:00 ] ::1 /miniganzhoumaiche/index.php/Ht/Index/index.html
NOTIC: [8] Use of undefined constant SHOW_PAGE_TRACE - assumed 'SHOW_PAGE_TRACE' F:\phpStudy\WWW\miniganzhoumaiche\App\Common\Conf\debug.php 第 4 行.
INFO: [ app_init ] --START--
INFO: Run Behavior\BuildLiteBehavior [ RunTime:0.000013s ]
INFO: [ app_init ] --END-- [ RunTime:0.000055s ]
INFO: [ app_begin ] --START--
INFO: Run Behavior\ReadHtmlCacheBehavior [ RunTime:0.000704s ]
INFO: [ app_begin ] --END-- [ RunTime:0.000758s ]
INFO: [ view_parse ] --START--
INFO: [ template_filter ] --START--
INFO: Run Behavior\ContentReplaceBehavior [ RunTime:0.000061s ]
INFO: [ template_filter ] --END-- [ RunTime:0.000115s ]
INFO: Run Behavior\ParseTemplateBehavior [ RunTime:0.006645s ]
INFO: [ view_parse ] --END-- [ RunTime:0.006706s ]
INFO: [ view_filter ] --START--
INFO: Run Behavior\WriteHtmlCacheBehavior [ RunTime:0.000473s ]
INFO: [ view_filter ] --END-- [ RunTime:0.000517s ]

[ 2017-10-09T08:24:14+08:00 ] ::1 /miniganzhoumaiche/index.php/Ht/Login/index.html
NOTIC: [8] Use of undefined constant SHOW_PAGE_TRACE - assumed 'SHOW_PAGE_TRACE' F:\phpStudy\WWW\miniganzhoumaiche\App\Common\Conf\debug.php 第 4 行.
INFO: [ app_init ] --START--
INFO: Run Behavior\BuildLiteBehavior [ RunTime:0.000015s ]
INFO: [ app_init ] --END-- [ RunTime:0.000059s ]
INFO: [ app_begin ] --START--
INFO: Run Behavior\ReadHtmlCacheBehavior [ RunTime:0.000767s ]
INFO: [ app_begin ] --END-- [ RunTime:0.000835s ]
SQL: SHOW COLUMNS FROM `lr_program` [ RunTime:0.0151s ]
SQL: SELECT * FROM `lr_program` LIMIT 1   [ RunTime:0.0005s ]
INFO: [ view_parse ] --START--
INFO: [ template_filter ] --START--
INFO: Run Behavior\ContentReplaceBehavior [ RunTime:0.000060s ]
INFO: [ template_filter ] --END-- [ RunTime:0.000119s ]
NOTIC: [8] Undefined variable: key F:\phpStudy\WWW\miniganzhoumaiche\App\Runtime\Cache\Ht\2d4ce69e9c2d15d777794fcdbaefd3a2.php 第 24 行.
INFO: Run Behavior\ParseTemplateBehavior [ RunTime:0.014660s ]
INFO: [ view_parse ] --END-- [ RunTime:0.014813s ]
INFO: [ view_filter ] --START--
INFO: Run Behavior\WriteHtmlCacheBehavior [ RunTime:0.000361s ]
INFO: [ view_filter ] --END-- [ RunTime:0.000399s ]
INFO: [ app_end ] --START--
INFO: Run Behavior\ShowPageTraceBehavior [ RunTime:0.000704s ]
INFO: [ app_end ] --END-- [ RunTime:0.000744s ]

[ 2017-10-09T08:24:20+08:00 ] ::1 /miniganzhoumaiche/index.php/Ht/Login/index.html?key=
NOTIC: [8] Use of undefined constant SHOW_PAGE_TRACE - assumed 'SHOW_PAGE_TRACE' F:\phpStudy\WWW\miniganzhoumaiche\App\Common\Conf\debug.php 第 4 行.
INFO: [ app_init ] --START--
INFO: Run Behavior\BuildLiteBehavior [ RunTime:0.000013s ]
INFO: [ app_init ] --END-- [ RunTime:0.000054s ]
INFO: [ app_begin ] --START--
INFO: Run Behavior\ReadHtmlCacheBehavior [ RunTime:0.000791s ]
INFO: [ app_begin ] --END-- [ RunTime:0.000983s ]
SQL: SHOW COLUMNS FROM `lr_adminuser` [ RunTime:0.0638s ]
SQL: SELECT * FROM `lr_adminuser` WHERE ( name='admin' AND del<1 ) LIMIT 1   [ RunTime:0.0010s ]
SQL: SHOW COLUMNS FROM `lr_program` [ RunTime:0.0045s ]
SQL: SELECT * FROM `lr_program` LIMIT 1   [ RunTime:0.0011s ]
NOTIC: [8] Undefined index: shop_id F:\phpStudy\WWW\miniganzhoumaiche\App\Ht\Controller\LoginController.class.php 第 19 行.
NOTIC: [8] Undefined index: name F:\phpStudy\WWW\miniganzhoumaiche\App\Ht\Controller\LoginController.class.php 第 23 行.
INFO: [ view_parse ] --START--
INFO: [ template_filter ] --START--
INFO: Run Behavior\ContentReplaceBehavior [ RunTime:0.000062s ]
INFO: [ template_filter ] --END-- [ RunTime:0.000129s ]
INFO: Run Behavior\ParseTemplateBehavior [ RunTime:0.008287s ]
INFO: [ view_parse ] --END-- [ RunTime:0.008360s ]
INFO: [ view_filter ] --START--
INFO: Run Behavior\WriteHtmlCacheBehavior [ RunTime:0.000540s ]
INFO: [ view_filter ] --END-- [ RunTime:0.000590s ]
INFO: [ app_end ] --START--
INFO: Run Behavior\ShowPageTraceBehavior [ RunTime:0.000871s ]
INFO: [ app_end ] --END-- [ RunTime:0.000921s ]

[ 2017-10-09T08:24:21+08:00 ] ::1 /miniganzhoumaiche/index.php/Ht/Index/index.html
NOTIC: [8] Use of undefined constant SHOW_PAGE_TRACE - assumed 'SHOW_PAGE_TRACE' F:\phpStudy\WWW\miniganzhoumaiche\App\Common\Conf\debug.php 第 4 行.
INFO: [ app_init ] --START--
INFO: Run Behavior\BuildLiteBehavior [ RunTime:0.000048s ]
INFO: [ app_init ] --END-- [ RunTime:0.000138s ]
INFO: [ app_begin ] --START--
INFO: Run Behavior\ReadHtmlCacheBehavior [ RunTime:0.004903s ]
INFO: [ app_begin ] --END-- [ RunTime:0.005050s ]
SQL: SHOW COLUMNS FROM `lr_web` [ RunTime:0.0551s ]
SQL: SELECT `concent` FROM `lr_web` WHERE ( id=5 ) LIMIT 1   [ RunTime:0.0003s ]
INFO: [ view_parse ] --START--
INFO: [ template_filter ] --START--
INFO: Run Behavior\ContentReplaceBehavior [ RunTime:0.000121s ]
INFO: [ template_filter ] --END-- [ RunTime:0.000181s ]
INFO: Run Behavior\ParseTemplateBehavior [ RunTime:0.013906s ]
INFO: [ view_parse ] --END-- [ RunTime:0.013968s ]
INFO: [ view_filter ] --START--
INFO: Run Behavior\WriteHtmlCacheBehavior [ RunTime:0.000590s ]
INFO: [ view_filter ] --END-- [ RunTime:0.000653s ]
INFO: [ app_end ] --START--
INFO: Run Behavior\ShowPageTraceBehavior [ RunTime:0.005401s ]
INFO: [ app_end ] --END-- [ RunTime:0.005742s ]

[ 2017-10-09T08:24:21+08:00 ] ::1 /miniganzhoumaiche/index.php/Ht/Index/welcome.html
NOTIC: [8] Use of undefined constant SHOW_PAGE_TRACE - assumed 'SHOW_PAGE_TRACE' F:\phpStudy\WWW\miniganzhoumaiche\App\Common\Conf\debug.php 第 4 行.
INFO: [ app_init ] --START--
INFO: Run Behavior\BuildLiteBehavior [ RunTime:0.000015s ]
INFO: [ app_init ] --END-- [ RunTime:0.000063s ]
INFO: [ app_begin ] --START--
INFO: Run Behavior\ReadHtmlCacheBehavior [ RunTime:0.000784s ]
INFO: [ app_begin ] --END-- [ RunTime:0.000865s ]
SQL: SHOW COLUMNS FROM `lr_order` [ RunTime:0.1060s ]
SQL: SHOW COLUMNS FROM `lr_user` [ RunTime:0.0029s ]
SQL: SHOW COLUMNS FROM `lr_product` [ RunTime:0.0030s ]
SQL: SHOW COLUMNS FROM `lr_brand` [ RunTime:0.0027s ]
SQL: SHOW COLUMNS FROM `lr_shangchang` [ RunTime:0.0242s ]
SQL: SELECT COUNT(*) AS tp_count FROM `lr_order` WHERE ( del=0 ) LIMIT 1   [ RunTime:0.0003s ]
SQL: SELECT COUNT(*) AS tp_count FROM `lr_user` WHERE ( del=0 ) LIMIT 1   [ RunTime:0.0002s ]
SQL: SELECT COUNT(*) AS tp_count FROM `lr_product` WHERE ( del=0 ) LIMIT 1   [ RunTime:0.0002s ]
SQL: SELECT COUNT(*) AS tp_count FROM `lr_brand` LIMIT 1   [ RunTime:0.0002s ]
SQL: SELECT COUNT(*) AS tp_count FROM `lr_shangchang` LIMIT 1   [ RunTime:0.0002s ]
SQL: SELECT `price` FROM `lr_order` WHERE ( del=0 AND status>10 AND back!=2 )  [ RunTime:0.0002s ]
SQL: SELECT COUNT(*) AS tp_count FROM `lr_order` WHERE ( del=0 AND addtime>=1507478400 ) LIMIT 1   [ RunTime:0.0002s ]
SQL: SELECT COUNT(*) AS tp_count FROM `lr_user` WHERE ( del=0 AND addtime>=1507478400 ) LIMIT 1   [ RunTime:0.0002s ]
SQL: SELECT COUNT(*) AS tp_count FROM `lr_product` WHERE ( del=0 AND addtime>=1507478400 ) LIMIT 1   [ RunTime:0.0002s ]
SQL: SELECT COUNT(*) AS tp_count FROM `lr_brand` WHERE ( addtime>=1507478400 ) LIMIT 1   [ RunTime:0.0002s ]
SQL: SELECT COUNT(*) AS tp_count FROM `lr_shangchang` WHERE ( addtime>=1507478400 ) LIMIT 1   [ RunTime:0.0002s ]
SQL: SELECT COUNT(*) AS tp_count FROM `lr_order` WHERE ( del=0 AND status>10 AND back!=2 AND addtime>=1507478400 ) LIMIT 1   [ RunTime:0.0002s ]
NOTIC: [2] Invalid argument supplied for foreach() F:\phpStudy\WWW\miniganzhoumaiche\App\Ht\Controller\IndexController.class.php 第 58 行.
SQL: SELECT COUNT(*) AS tp_count FROM `lr_product` WHERE ( del=0 ) LIMIT 1   [ RunTime:0.0002s ]
SQL: SELECT COUNT(*) AS tp_count FROM `lr_product` WHERE ( del=0 AND addtime>=1507478400 ) LIMIT 1   [ RunTime:0.0002s ]
SQL: SELECT COUNT(*) AS tp_count FROM `lr_order` WHERE ( del=0 AND back!=2 AND addtime>=1506787200 ) LIMIT 1   [ RunTime:0.0002s ]
SQL: SELECT COUNT(*) AS tp_count FROM `lr_user` WHERE ( del=0 AND addtime>=1506787200 ) LIMIT 1   [ RunTime:0.0002s ]
SQL: SELECT COUNT(*) AS tp_count FROM `lr_product` WHERE ( del=0 AND addtime>=1506787200 ) LIMIT 1   [ RunTime:0.0002s ]
SQL: SELECT COUNT(*) AS tp_count FROM `lr_brand` WHERE ( addtime>=1506787200 ) LIMIT 1   [ RunTime:0.0002s ]
SQL: SELECT COUNT(*) AS tp_count FROM `lr_shangchang` WHERE ( addtime>=1506787200 ) LIMIT 1   [ RunTime:0.0002s ]
SQL: SELECT `price` FROM `lr_order` WHERE ( del=0 AND back!=2 AND addtime>=1506787200 )  [ RunTime:0.0002s ]
NOTIC: [8] Undefined variable: thismonthpay F:\phpStudy\WWW\miniganzhoumaiche\App\Ht\Controller\IndexController.class.php 第 74 行.
NOTIC: [2] Invalid argument supplied for foreach() F:\phpStudy\WWW\miniganzhoumaiche\App\Ht\Controller\IndexController.class.php 第 74 行.
INFO: [ view_parse ] --START--
INFO: [ template_filter ] --START--
INFO: Run Behavior\ContentReplaceBehavior [ RunTime:0.000075s ]
INFO: [ template_filter ] --END-- [ RunTime:0.000136s ]
INFO: Run Behavior\ParseTemplateBehavior [ RunTime:0.026668s ]
INFO: [ view_parse ] --END-- [ RunTime:0.026726s ]
INFO: [ view_filter ] --START--
INFO: Run Behavior\WriteHtmlCacheBehavior [ RunTime:0.000372s ]
INFO: [ view_filter ] --END-- [ RunTime:0.000420s ]
INFO: [ app_end ] --START--
INFO: Run Behavior\ShowPageTraceBehavior [ RunTime:0.000616s ]
INFO: [ app_end ] --END-- [ RunTime:0.000655s ]

[ 2017-10-09T08:24:36+08:00 ] ::1 /miniganzhoumaiche/index.php/Ht/More/setup.html
NOTIC: [8] Use of undefined constant SHOW_PAGE_TRACE - assumed 'SHOW_PAGE_TRACE' F:\phpStudy\WWW\miniganzhoumaiche\App\Common\Conf\debug.php 第 4 行.
INFO: [ app_init ] --START--
INFO: Run Behavior\BuildLiteBehavior [ RunTime:0.000013s ]
INFO: [ app_init ] --END-- [ RunTime:0.000056s ]
INFO: [ app_begin ] --START--
INFO: Run Behavior\ReadHtmlCacheBehavior [ RunTime:0.000711s ]
INFO: [ app_begin ] --END-- [ RunTime:0.000766s ]
SQL: SHOW COLUMNS FROM `lr_program` [ RunTime:0.0028s ]
SQL: SELECT * FROM `lr_program` WHERE ( id=1 ) LIMIT 1   [ RunTime:0.0005s ]
INFO: [ view_parse ] --START--
INFO: [ template_filter ] --START--
INFO: Run Behavior\ContentReplaceBehavior [ RunTime:0.000069s ]
INFO: [ template_filter ] --END-- [ RunTime:0.000183s ]
INFO: Run Behavior\ParseTemplateBehavior [ RunTime:0.007222s ]
INFO: [ view_parse ] --END-- [ RunTime:0.007277s ]
INFO: [ view_filter ] --START--
INFO: Run Behavior\WriteHtmlCacheBehavior [ RunTime:0.000496s ]
INFO: [ view_filter ] --END-- [ RunTime:0.000537s ]
INFO: [ app_end ] --START--
INFO: Run Behavior\ShowPageTraceBehavior [ RunTime:0.000710s ]
INFO: [ app_end ] --END-- [ RunTime:0.000749s ]

[ 2017-10-09T09:22:40+08:00 ] ::1 /miniganzhoumaiche/index.php/Ht/Product/index.html
NOTIC: [8] Use of undefined constant SHOW_PAGE_TRACE - assumed 'SHOW_PAGE_TRACE' F:\phpStudy\WWW\miniganzhoumaiche\App\Common\Conf\debug.php 第 4 行.
INFO: [ app_init ] --START--
INFO: Run Behavior\BuildLiteBehavior [ RunTime:0.000014s ]
INFO: [ app_init ] --END-- [ RunTime:0.000058s ]
INFO: [ app_begin ] --START--
INFO: Run Behavior\ReadHtmlCacheBehavior [ RunTime:0.001993s ]
INFO: [ app_begin ] --END-- [ RunTime:0.002056s ]
NOTIC: [8] Undefined index: id F:\phpStudy\WWW\miniganzhoumaiche\App\Ht\Controller\ProductController.class.php 第 14 行.
NOTIC: [8] Undefined index: shop_id F:\phpStudy\WWW\miniganzhoumaiche\App\Ht\Controller\ProductController.class.php 第 15 行.
NOTIC: [8] Undefined index: type F:\phpStudy\WWW\miniganzhoumaiche\App\Ht\Controller\ProductController.class.php 第 18 行.
NOTIC: [8] Undefined index: tuijian F:\phpStudy\WWW\miniganzhoumaiche\App\Ht\Controller\ProductController.class.php 第 19 行.
NOTIC: [8] Undefined index: name F:\phpStudy\WWW\miniganzhoumaiche\App\Ht\Controller\ProductController.class.php 第 20 行.
SQL: SHOW COLUMNS FROM `lr_product` [ RunTime:0.0294s ]
SQL: SELECT COUNT(*) AS tp_count FROM `lr_product` WHERE ( 1=1 AND pro_type=1 AND del<1 ) LIMIT 1   [ RunTime:0.0004s ]
NOTIC: [8] Undefined index: page F:\phpStudy\WWW\miniganzhoumaiche\App\Ht\Controller\ProductController.class.php 第 32 行.
SQL: SELECT * FROM `lr_product` WHERE ( 1=1 AND pro_type=1 AND del<1 ) ORDER BY addtime desc LIMIT 0,20   [ RunTime:0.0006s ]
SQL: SHOW COLUMNS FROM `lr_shangchang` [ RunTime:0.0030s ]
SQL: SELECT `name` FROM `lr_shangchang` WHERE ( id=0 ) LIMIT 1   [ RunTime:0.0003s ]
SQL: SHOW COLUMNS FROM `lr_category` [ RunTime:0.0027s ]
SQL: SELECT `name` FROM `lr_category` WHERE ( id=0 ) LIMIT 1   [ RunTime:0.0003s ]
SQL: SELECT `name` FROM `lr_shangchang` WHERE ( id=0 ) LIMIT 1   [ RunTime:0.0002s ]
SQL: SELECT `name` FROM `lr_category` WHERE ( id=0 ) LIMIT 1   [ RunTime:0.0002s ]
SQL: SELECT `name` FROM `lr_shangchang` WHERE ( id=0 ) LIMIT 1   [ RunTime:0.0002s ]
SQL: SELECT `name` FROM `lr_category` WHERE ( id=0 ) LIMIT 1   [ RunTime:0.0002s ]
SQL: SHOW COLUMNS FROM `lr_attr_spec_price_store` [ RunTime:0.0034s ]
SQL: SELECT `attr_value_id` FROM `lr_attr_spec_price_store` WHERE ( pid="4" ) LIMIT 1   [ RunTime:0.0003s ]
SQL: SHOW COLUMNS FROM `lr_attr_value` [ RunTime:0.0186s ]
SQL: SELECT `name` FROM `lr_attr_value` WHERE ( id="" ) LIMIT 1   [ RunTime:0.0002s ]
SQL: SELECT `attr_id` FROM `lr_attr_value` WHERE ( name="" ) LIMIT 1   [ RunTime:0.0002s ]
SQL: SHOW COLUMNS FROM `lr_attribute` [ RunTime:0.0359s ]
SQL: SELECT `attr_name` FROM `lr_attribute` WHERE ( id="" ) LIMIT 1   [ RunTime:0.0003s ]
SQL: SELECT `attr_value_id` FROM `lr_attr_spec_price_store` WHERE ( pid="3" ) LIMIT 1   [ RunTime:0.0002s ]
SQL: SELECT `name` FROM `lr_attr_value` WHERE ( id="" ) LIMIT 1   [ RunTime:0.0002s ]
SQL: SELECT `attr_id` FROM `lr_attr_value` WHERE ( name="" ) LIMIT 1   [ RunTime:0.0002s ]
SQL: SELECT `attr_name` FROM `lr_attribute` WHERE ( id="" ) LIMIT 1   [ RunTime:0.0002s ]
SQL: SELECT `attr_value_id` FROM `lr_attr_spec_price_store` WHERE ( pid="1" ) LIMIT 1   [ RunTime:0.0002s ]
SQL: SELECT `name` FROM `lr_attr_value` WHERE ( id="" ) LIMIT 1   [ RunTime:0.0002s ]
SQL: SELECT `attr_id` FROM `lr_attr_value` WHERE ( name="" ) LIMIT 1   [ RunTime:0.0002s ]
SQL: SELECT `attr_name` FROM `lr_attribute` WHERE ( id="" ) LIMIT 1   [ RunTime:0.0002s ]
SQL: SELECT `spec_value_id` FROM `lr_attr_spec_price_store` WHERE ( pid="4" ) LIMIT 1   [ RunTime:0.0002s ]
SQL: SHOW COLUMNS FROM `lr_spec_value` [ RunTime:0.0043s ]
SQL: SELECT `spec_value` FROM `lr_spec_value` WHERE ( id="" ) LIMIT 1   [ RunTime:0.0003s ]
SQL: SELECT `spec_id` FROM `lr_spec_value` WHERE ( spec_value="" ) LIMIT 1   [ RunTime:0.0002s ]
SQL: SHOW COLUMNS FROM `lr_spec` [ RunTime:0.0050s ]
SQL: SELECT `spec_name` FROM `lr_spec` WHERE ( id="" ) LIMIT 1   [ RunTime:0.0002s ]
SQL: SELECT `spec_value_id` FROM `lr_attr_spec_price_store` WHERE ( pid="3" ) LIMIT 1   [ RunTime:0.0002s ]
SQL: SELECT `spec_value` FROM `lr_spec_value` WHERE ( id="" ) LIMIT 1   [ RunTime:0.0002s ]
SQL: SELECT `spec_id` FROM `lr_spec_value` WHERE ( spec_value="" ) LIMIT 1   [ RunTime:0.0002s ]
SQL: SELECT `spec_name` FROM `lr_spec` WHERE ( id="" ) LIMIT 1   [ RunTime:0.0002s ]
SQL: SELECT `spec_value_id` FROM `lr_attr_spec_price_store` WHERE ( pid="1" ) LIMIT 1   [ RunTime:0.0002s ]
SQL: SELECT `spec_value` FROM `lr_spec_value` WHERE ( id="" ) LIMIT 1   [ RunTime:0.0002s ]
SQL: SELECT `spec_id` FROM `lr_spec_value` WHERE ( spec_value="" ) LIMIT 1   [ RunTime:0.0002s ]
SQL: SELECT `spec_name` FROM `lr_spec` WHERE ( id="" ) LIMIT 1   [ RunTime:0.0002s ]
SQL: SELECT `price_yh` FROM `lr_attr_spec_price_store` WHERE ( pid="4" ) LIMIT 1   [ RunTime:0.0002s ]
SQL: SELECT `price_yh` FROM `lr_attr_spec_price_store` WHERE ( pid="3" ) LIMIT 1   [ RunTime:0.0002s ]
SQL: SELECT `price_yh` FROM `lr_attr_spec_price_store` WHERE ( pid="1" ) LIMIT 1   [ RunTime:0.0002s ]
INFO: [ view_parse ] --START--
INFO: [ template_filter ] --START--
INFO: Run Behavior\ContentReplaceBehavior [ RunTime:0.000085s ]
INFO: [ template_filter ] --END-- [ RunTime:0.000223s ]
INFO: Run Behavior\ParseTemplateBehavior [ RunTime:0.029402s ]
INFO: [ view_parse ] --END-- [ RunTime:0.029456s ]
INFO: [ view_filter ] --START--
INFO: Run Behavior\WriteHtmlCacheBehavior [ RunTime:0.000488s ]
INFO: [ view_filter ] --END-- [ RunTime:0.000526s ]
INFO: [ app_end ] --START--
INFO: Run Behavior\ShowPageTraceBehavior [ RunTime:0.000701s ]
INFO: [ app_end ] --END-- [ RunTime:0.000741s ]

[ 2017-10-09T09:22:43+08:00 ] ::1 /miniganzhoumaiche/index.php/Ht/Product/add.html?id=4&page=0&name=&shop_id=0&tuijian=
NOTIC: [8] Use of undefined constant SHOW_PAGE_TRACE - assumed 'SHOW_PAGE_TRACE' F:\phpStudy\WWW\miniganzhoumaiche\App\Common\Conf\debug.php 第 4 行.
INFO: [ app_init ] --START--
INFO: Run Behavior\BuildLiteBehavior [ RunTime:0.000014s ]
INFO: [ app_init ] --END-- [ RunTime:0.000057s ]
INFO: [ app_begin ] --START--
INFO: Run Behavior\ReadHtmlCacheBehavior [ RunTime:0.000748s ]
INFO: [ app_begin ] --END-- [ RunTime:0.000816s ]
NOTIC: [8] Undefined index: type F:\phpStudy\WWW\miniganzhoumaiche\App\Ht\Controller\ProductController.class.php 第 91 行.
NOTIC: [8] Undefined index: submit F:\phpStudy\WWW\miniganzhoumaiche\App\Ht\Controller\ProductController.class.php 第 93 行.
SQL: SHOW COLUMNS FROM `lr_category` [ RunTime:0.0029s ]
SQL: SELECT `id`,`name` FROM `lr_category` WHERE ( tid=1 )  [ RunTime:0.0003s ]
SQL: SHOW COLUMNS FROM `lr_product` [ RunTime:0.0032s ]
SQL: SELECT * FROM `lr_product` WHERE ( id=4 ) LIMIT 1   [ RunTime:0.0004s ]
SQL: SELECT * FROM `lr_product` WHERE ( id=4 )  [ RunTime:0.0003s ]
SQL: SHOW COLUMNS FROM `lr_shangchang` [ RunTime:0.0033s ]
SQL: SELECT * FROM `lr_shangchang` WHERE ( id=0 ) LIMIT 1   [ RunTime:0.0004s ]
SQL: SELECT `tid` FROM `lr_category` WHERE ( id=0 ) LIMIT 1   [ RunTime:0.0002s ]
SQL: SELECT `cid` FROM `lr_product` WHERE ( id="4" ) LIMIT 1   [ RunTime:0.0003s ]
SQL: SELECT `tid` FROM `lr_category` WHERE ( id="0" ) LIMIT 1   [ RunTime:0.0002s ]
SQL: SHOW COLUMNS FROM `lr_attr_value` [ RunTime:0.0026s ]
NOTIC: [8] Undefined index: attr_value_id F:\phpStudy\WWW\miniganzhoumaiche\App\Ht\Controller\ProductController.class.php 第 345 行.
SQL: SELECT `name` FROM `lr_attr_value` WHERE ( id="0" ) LIMIT 1   [ RunTime:0.0002s ]
NOTIC: [8] Undefined index: attr_value_id F:\phpStudy\WWW\miniganzhoumaiche\App\Ht\Controller\ProductController.class.php 第 346 行.
SQL: SELECT `attr_id` FROM `lr_attr_value` WHERE ( id="0" ) LIMIT 1   [ RunTime:0.0003s ]
SQL: SHOW COLUMNS FROM `lr_spec_value` [ RunTime:0.0029s ]
NOTIC: [8] Undefined index: spec_value_id F:\phpStudy\WWW\miniganzhoumaiche\App\Ht\Controller\ProductController.class.php 第 353 行.
SQL: SELECT `spec_value` FROM `lr_spec_value` WHERE ( id="0" ) LIMIT 1   [ RunTime:0.0003s ]
NOTIC: [8] Undefined index: spec_value_id F:\phpStudy\WWW\miniganzhoumaiche\App\Ht\Controller\ProductController.class.php 第 354 行.
SQL: SELECT `spec_id` FROM `lr_spec_value` WHERE ( id="0" ) LIMIT 1   [ RunTime:0.0003s ]
SQL: SHOW COLUMNS FROM `lr_brand` [ RunTime:0.0032s ]
SQL: SELECT `id`,`name` FROM `lr_brand` WHERE ( 1=1 )  [ RunTime:0.0003s ]
SQL: SHOW COLUMNS FROM `lr_attribute` [ RunTime:0.0029s ]
SQL: SELECT * FROM `lr_attribute`  [ RunTime:0.0003s ]
SQL: SHOW COLUMNS FROM `lr_spec` [ RunTime:0.0027s ]
SQL: SELECT * FROM `lr_spec`  [ RunTime:0.0002s ]
SQL: SHOW COLUMNS FROM `lr_tag` [ RunTime:0.0036s ]
SQL: SELECT * FROM `lr_tag`  [ RunTime:0.0003s ]
NOTIC: [8] Undefined variable: shop_id F:\phpStudy\WWW\miniganzhoumaiche\App\Ht\Controller\ProductController.class.php 第 388 行.
NOTIC: [8] Undefined index: tag_id F:\phpStudy\WWW\miniganzhoumaiche\App\Ht\Controller\ProductController.class.php 第 395 行.
INFO: [ view_parse ] --START--
INFO: [ template_filter ] --START--
INFO: Run Behavior\ContentReplaceBehavior [ RunTime:0.000313s ]
INFO: [ template_filter ] --END-- [ RunTime:0.000390s ]
NOTIC: [8] Undefined variable: catetwo F:\phpStudy\WWW\miniganzhoumaiche\App\Runtime\Cache\Ht\04b33691f63b9c13a9ceae31ee771556.php 第 68 行.
NOTIC: [8] Undefined index: attr_value_id F:\phpStudy\WWW\miniganzhoumaiche\App\Runtime\Cache\Ht\04b33691f63b9c13a9ceae31ee771556.php 第 103 行.
NOTIC: [8] Undefined index: spec_value_id F:\phpStudy\WWW\miniganzhoumaiche\App\Runtime\Cache\Ht\04b33691f63b9c13a9ceae31ee771556.php 第 112 行.
NOTIC: [8] Undefined index: store F:\phpStudy\WWW\miniganzhoumaiche\App\Runtime\Cache\Ht\04b33691f63b9c13a9ceae31ee771556.php 第 117 行.
NOTIC: [8] Undefined index: price F:\phpStudy\WWW\miniganzhoumaiche\App\Runtime\Cache\Ht\04b33691f63b9c13a9ceae31ee771556.php 第 165 行.
NOTIC: [8] Undefined index: price_yh F:\phpStudy\WWW\miniganzhoumaiche\App\Runtime\Cache\Ht\04b33691f63b9c13a9ceae31ee771556.php 第 171 行.
NOTIC: [8] Undefined index: store F:\phpStudy\WWW\miniganzhoumaiche\App\Runtime\Cache\Ht\04b33691f63b9c13a9ceae31ee771556.php 第 190 行.
NOTIC: [8] Undefined variable: img_str F:\phpStudy\WWW\miniganzhoumaiche\App\Runtime\Cache\Ht\04b33691f63b9c13a9ceae31ee771556.php 第 235 行.
INFO: Run Behavior\ParseTemplateBehavior [ RunTime:0.071657s ]
INFO: [ view_parse ] --END-- [ RunTime:0.071711s ]
INFO: [ view_filter ] --START--
INFO: Run Behavior\WriteHtmlCacheBehavior [ RunTime:0.000571s ]
INFO: [ view_filter ] --END-- [ RunTime:0.000612s ]
INFO: [ app_end ] --START--
INFO: Run Behavior\ShowPageTraceBehavior [ RunTime:0.000936s ]
INFO: [ app_end ] --END-- [ RunTime:0.001008s ]

