[ 2017-10-10T14:53:15+08:00 ] ::1 /miniganzhoumaiche/index.php/Api/Login/getsessionkey
NOTIC: [8] Use of undefined constant SHOW_PAGE_TRACE - assumed 'SHOW_PAGE_TRACE' F:\phpStudy\WWW\miniganzhoumaiche\App\Common\Conf\debug.php 第 4 行.
INFO: [ app_init ] --START--
INFO: Run Behavior\BuildLiteBehavior [ RunTime:0.000021s ]
INFO: [ app_init ] --END-- [ RunTime:0.000409s ]
NOTIC: [8] Undefined variable: sckey F:\phpStudy\WWW\miniganzhoumaiche\App\Api\Conf\config.php 第 33 行.
NOTIC: [8] Undefined variable: sckey F:\phpStudy\WWW\miniganzhoumaiche\App\Api\Conf\config.php 第 33 行.
NOTIC: [8] Undefined variable: sckey F:\phpStudy\WWW\miniganzhoumaiche\App\Api\Conf\config.php 第 33 行.
NOTIC: [8] Use of undefined constant LOAD_EXT_CONFIG - assumed 'LOAD_EXT_CONFIG' F:\phpStudy\WWW\miniganzhoumaiche\App\Api\Conf\config.php 第 40 行.
NOTIC: [8] Undefined variable: notify_url F:\phpStudy\WWW\miniganzhoumaiche\App\Api\Conf\config.php 第 55 行.
NOTIC: [8] Undefined variable: return_url F:\phpStudy\WWW\miniganzhoumaiche\App\Api\Conf\config.php 第 58 行.
NOTIC: [8] Undefined index: key F:\phpStudy\WWW\miniganzhoumaiche\App\Api\Conf\config.php 第 62 行.
NOTIC: [8] Undefined index: key F:\phpStudy\WWW\miniganzhoumaiche\App\Api\Conf\config.php 第 66 行.

[ 2017-10-10T14:53:16+08:00 ] ::1 /miniganzhoumaiche/index.php/Api/Login/authlogin
NOTIC: [8] Use of undefined constant SHOW_PAGE_TRACE - assumed 'SHOW_PAGE_TRACE' F:\phpStudy\WWW\miniganzhoumaiche\App\Common\Conf\debug.php 第 4 行.
INFO: [ app_init ] --START--
INFO: Run Behavior\BuildLiteBehavior [ RunTime:0.000019s ]
INFO: [ app_init ] --END-- [ RunTime:0.000088s ]
NOTIC: [8] Undefined variable: sckey F:\phpStudy\WWW\miniganzhoumaiche\App\Api\Conf\config.php 第 33 行.
NOTIC: [8] Undefined variable: sckey F:\phpStudy\WWW\miniganzhoumaiche\App\Api\Conf\config.php 第 33 行.
NOTIC: [8] Undefined variable: sckey F:\phpStudy\WWW\miniganzhoumaiche\App\Api\Conf\config.php 第 33 行.
NOTIC: [8] Use of undefined constant LOAD_EXT_CONFIG - assumed 'LOAD_EXT_CONFIG' F:\phpStudy\WWW\miniganzhoumaiche\App\Api\Conf\config.php 第 40 行.
NOTIC: [8] Undefined variable: notify_url F:\phpStudy\WWW\miniganzhoumaiche\App\Api\Conf\config.php 第 55 行.
NOTIC: [8] Undefined variable: return_url F:\phpStudy\WWW\miniganzhoumaiche\App\Api\Conf\config.php 第 58 行.
NOTIC: [8] Undefined index: key F:\phpStudy\WWW\miniganzhoumaiche\App\Api\Conf\config.php 第 62 行.
NOTIC: [8] Undefined index: key F:\phpStudy\WWW\miniganzhoumaiche\App\Api\Conf\config.php 第 66 行.

[ 2017-10-10T14:53:16+08:00 ] ::1 /miniganzhoumaiche/index.php/Api/Index/index
NOTIC: [8] Use of undefined constant SHOW_PAGE_TRACE - assumed 'SHOW_PAGE_TRACE' F:\phpStudy\WWW\miniganzhoumaiche\App\Common\Conf\debug.php 第 4 行.
INFO: [ app_init ] --START--
INFO: Run Behavior\BuildLiteBehavior [ RunTime:0.000015s ]
INFO: [ app_init ] --END-- [ RunTime:0.000067s ]
NOTIC: [8] Undefined variable: sckey F:\phpStudy\WWW\miniganzhoumaiche\App\Api\Conf\config.php 第 33 行.
NOTIC: [8] Undefined variable: sckey F:\phpStudy\WWW\miniganzhoumaiche\App\Api\Conf\config.php 第 33 行.
NOTIC: [8] Undefined variable: sckey F:\phpStudy\WWW\miniganzhoumaiche\App\Api\Conf\config.php 第 33 行.
NOTIC: [8] Use of undefined constant LOAD_EXT_CONFIG - assumed 'LOAD_EXT_CONFIG' F:\phpStudy\WWW\miniganzhoumaiche\App\Api\Conf\config.php 第 40 行.
NOTIC: [8] Undefined variable: notify_url F:\phpStudy\WWW\miniganzhoumaiche\App\Api\Conf\config.php 第 55 行.
NOTIC: [8] Undefined variable: return_url F:\phpStudy\WWW\miniganzhoumaiche\App\Api\Conf\config.php 第 58 行.
NOTIC: [8] Undefined index: key F:\phpStudy\WWW\miniganzhoumaiche\App\Api\Conf\config.php 第 62 行.
NOTIC: [8] Undefined index: key F:\phpStudy\WWW\miniganzhoumaiche\App\Api\Conf\config.php 第 66 行.

[ 2017-10-10T14:58:34+08:00 ] ::1 /miniganzhoumaiche/index.php/Api/Product/lists
NOTIC: [8] Use of undefined constant SHOW_PAGE_TRACE - assumed 'SHOW_PAGE_TRACE' F:\phpStudy\WWW\miniganzhoumaiche\App\Common\Conf\debug.php 第 4 行.
INFO: [ app_init ] --START--
INFO: Run Behavior\BuildLiteBehavior [ RunTime:0.000017s ]
INFO: [ app_init ] --END-- [ RunTime:0.000076s ]
NOTIC: [8] Undefined variable: sckey F:\phpStudy\WWW\miniganzhoumaiche\App\Api\Conf\config.php 第 33 行.
NOTIC: [8] Undefined variable: sckey F:\phpStudy\WWW\miniganzhoumaiche\App\Api\Conf\config.php 第 33 行.
NOTIC: [8] Undefined variable: sckey F:\phpStudy\WWW\miniganzhoumaiche\App\Api\Conf\config.php 第 33 行.
NOTIC: [8] Use of undefined constant LOAD_EXT_CONFIG - assumed 'LOAD_EXT_CONFIG' F:\phpStudy\WWW\miniganzhoumaiche\App\Api\Conf\config.php 第 40 行.
NOTIC: [8] Undefined variable: notify_url F:\phpStudy\WWW\miniganzhoumaiche\App\Api\Conf\config.php 第 55 行.
NOTIC: [8] Undefined variable: return_url F:\phpStudy\WWW\miniganzhoumaiche\App\Api\Conf\config.php 第 58 行.
NOTIC: [8] Undefined index: key F:\phpStudy\WWW\miniganzhoumaiche\App\Api\Conf\config.php 第 62 行.
NOTIC: [8] Undefined index: key F:\phpStudy\WWW\miniganzhoumaiche\App\Api\Conf\config.php 第 66 行.

[ 2017-10-10T14:58:36+08:00 ] ::1 /miniganzhoumaiche/index.php/Api/Index/index
NOTIC: [8] Use of undefined constant SHOW_PAGE_TRACE - assumed 'SHOW_PAGE_TRACE' F:\phpStudy\WWW\miniganzhoumaiche\App\Common\Conf\debug.php 第 4 行.
INFO: [ app_init ] --START--
INFO: Run Behavior\BuildLiteBehavior [ RunTime:0.000015s ]
INFO: [ app_init ] --END-- [ RunTime:0.000063s ]
NOTIC: [8] Undefined variable: sckey F:\phpStudy\WWW\miniganzhoumaiche\App\Api\Conf\config.php 第 33 行.
NOTIC: [8] Undefined variable: sckey F:\phpStudy\WWW\miniganzhoumaiche\App\Api\Conf\config.php 第 33 行.
NOTIC: [8] Undefined variable: sckey F:\phpStudy\WWW\miniganzhoumaiche\App\Api\Conf\config.php 第 33 行.
NOTIC: [8] Use of undefined constant LOAD_EXT_CONFIG - assumed 'LOAD_EXT_CONFIG' F:\phpStudy\WWW\miniganzhoumaiche\App\Api\Conf\config.php 第 40 行.
NOTIC: [8] Undefined variable: notify_url F:\phpStudy\WWW\miniganzhoumaiche\App\Api\Conf\config.php 第 55 行.
NOTIC: [8] Undefined variable: return_url F:\phpStudy\WWW\miniganzhoumaiche\App\Api\Conf\config.php 第 58 行.
NOTIC: [8] Undefined index: key F:\phpStudy\WWW\miniganzhoumaiche\App\Api\Conf\config.php 第 62 行.
NOTIC: [8] Undefined index: key F:\phpStudy\WWW\miniganzhoumaiche\App\Api\Conf\config.php 第 66 行.

[ 2017-10-10T15:03:37+08:00 ] ::1 /miniganzhoumaiche/index.php/Api/Login/getsessionkey
NOTIC: [8] Use of undefined constant SHOW_PAGE_TRACE - assumed 'SHOW_PAGE_TRACE' F:\phpStudy\WWW\miniganzhoumaiche\App\Common\Conf\debug.php 第 4 行.
INFO: [ app_init ] --START--
INFO: Run Behavior\BuildLiteBehavior [ RunTime:0.000016s ]
INFO: [ app_init ] --END-- [ RunTime:0.000075s ]
NOTIC: [8] Undefined variable: sckey F:\phpStudy\WWW\miniganzhoumaiche\App\Api\Conf\config.php 第 33 行.
NOTIC: [8] Undefined variable: sckey F:\phpStudy\WWW\miniganzhoumaiche\App\Api\Conf\config.php 第 33 行.
NOTIC: [8] Undefined variable: sckey F:\phpStudy\WWW\miniganzhoumaiche\App\Api\Conf\config.php 第 33 行.
NOTIC: [8] Use of undefined constant LOAD_EXT_CONFIG - assumed 'LOAD_EXT_CONFIG' F:\phpStudy\WWW\miniganzhoumaiche\App\Api\Conf\config.php 第 40 行.
NOTIC: [8] Undefined variable: notify_url F:\phpStudy\WWW\miniganzhoumaiche\App\Api\Conf\config.php 第 55 行.
NOTIC: [8] Undefined variable: return_url F:\phpStudy\WWW\miniganzhoumaiche\App\Api\Conf\config.php 第 58 行.
NOTIC: [8] Undefined index: key F:\phpStudy\WWW\miniganzhoumaiche\App\Api\Conf\config.php 第 62 行.
NOTIC: [8] Undefined index: key F:\phpStudy\WWW\miniganzhoumaiche\App\Api\Conf\config.php 第 66 行.

[ 2017-10-10T15:03:38+08:00 ] ::1 /miniganzhoumaiche/index.php/Api/Login/authlogin
NOTIC: [8] Use of undefined constant SHOW_PAGE_TRACE - assumed 'SHOW_PAGE_TRACE' F:\phpStudy\WWW\miniganzhoumaiche\App\Common\Conf\debug.php 第 4 行.
INFO: [ app_init ] --START--
INFO: Run Behavior\BuildLiteBehavior [ RunTime:0.000016s ]
INFO: [ app_init ] --END-- [ RunTime:0.000071s ]
NOTIC: [8] Undefined variable: sckey F:\phpStudy\WWW\miniganzhoumaiche\App\Api\Conf\config.php 第 33 行.
NOTIC: [8] Undefined variable: sckey F:\phpStudy\WWW\miniganzhoumaiche\App\Api\Conf\config.php 第 33 行.
NOTIC: [8] Undefined variable: sckey F:\phpStudy\WWW\miniganzhoumaiche\App\Api\Conf\config.php 第 33 行.
NOTIC: [8] Use of undefined constant LOAD_EXT_CONFIG - assumed 'LOAD_EXT_CONFIG' F:\phpStudy\WWW\miniganzhoumaiche\App\Api\Conf\config.php 第 40 行.
NOTIC: [8] Undefined variable: notify_url F:\phpStudy\WWW\miniganzhoumaiche\App\Api\Conf\config.php 第 55 行.
NOTIC: [8] Undefined variable: return_url F:\phpStudy\WWW\miniganzhoumaiche\App\Api\Conf\config.php 第 58 行.
NOTIC: [8] Undefined index: key F:\phpStudy\WWW\miniganzhoumaiche\App\Api\Conf\config.php 第 62 行.
NOTIC: [8] Undefined index: key F:\phpStudy\WWW\miniganzhoumaiche\App\Api\Conf\config.php 第 66 行.

[ 2017-10-10T15:03:39+08:00 ] ::1 /miniganzhoumaiche/index.php/Api/Index/index
NOTIC: [8] Use of undefined constant SHOW_PAGE_TRACE - assumed 'SHOW_PAGE_TRACE' F:\phpStudy\WWW\miniganzhoumaiche\App\Common\Conf\debug.php 第 4 行.
INFO: [ app_init ] --START--
INFO: Run Behavior\BuildLiteBehavior [ RunTime:0.000016s ]
INFO: [ app_init ] --END-- [ RunTime:0.000071s ]
NOTIC: [8] Undefined variable: sckey F:\phpStudy\WWW\miniganzhoumaiche\App\Api\Conf\config.php 第 33 行.
NOTIC: [8] Undefined variable: sckey F:\phpStudy\WWW\miniganzhoumaiche\App\Api\Conf\config.php 第 33 行.
NOTIC: [8] Undefined variable: sckey F:\phpStudy\WWW\miniganzhoumaiche\App\Api\Conf\config.php 第 33 行.
NOTIC: [8] Use of undefined constant LOAD_EXT_CONFIG - assumed 'LOAD_EXT_CONFIG' F:\phpStudy\WWW\miniganzhoumaiche\App\Api\Conf\config.php 第 40 行.
NOTIC: [8] Undefined variable: notify_url F:\phpStudy\WWW\miniganzhoumaiche\App\Api\Conf\config.php 第 55 行.
NOTIC: [8] Undefined variable: return_url F:\phpStudy\WWW\miniganzhoumaiche\App\Api\Conf\config.php 第 58 行.
NOTIC: [8] Undefined index: key F:\phpStudy\WWW\miniganzhoumaiche\App\Api\Conf\config.php 第 62 行.
NOTIC: [8] Undefined index: key F:\phpStudy\WWW\miniganzhoumaiche\App\Api\Conf\config.php 第 66 行.

[ 2017-10-10T15:04:49+08:00 ] ::1 /miniganzhoumaiche/index.php/Api/Login/getsessionkey
NOTIC: [8] Use of undefined constant SHOW_PAGE_TRACE - assumed 'SHOW_PAGE_TRACE' F:\phpStudy\WWW\miniganzhoumaiche\App\Common\Conf\debug.php 第 4 行.
INFO: [ app_init ] --START--
INFO: Run Behavior\BuildLiteBehavior [ RunTime:0.000017s ]
INFO: [ app_init ] --END-- [ RunTime:0.000080s ]
NOTIC: [8] Undefined variable: sckey F:\phpStudy\WWW\miniganzhoumaiche\App\Api\Conf\config.php 第 33 行.
NOTIC: [8] Undefined variable: sckey F:\phpStudy\WWW\miniganzhoumaiche\App\Api\Conf\config.php 第 33 行.
NOTIC: [8] Undefined variable: sckey F:\phpStudy\WWW\miniganzhoumaiche\App\Api\Conf\config.php 第 33 行.
NOTIC: [8] Use of undefined constant LOAD_EXT_CONFIG - assumed 'LOAD_EXT_CONFIG' F:\phpStudy\WWW\miniganzhoumaiche\App\Api\Conf\config.php 第 40 行.
NOTIC: [8] Undefined variable: notify_url F:\phpStudy\WWW\miniganzhoumaiche\App\Api\Conf\config.php 第 55 行.
NOTIC: [8] Undefined variable: return_url F:\phpStudy\WWW\miniganzhoumaiche\App\Api\Conf\config.php 第 58 行.
NOTIC: [8] Undefined index: key F:\phpStudy\WWW\miniganzhoumaiche\App\Api\Conf\config.php 第 62 行.
NOTIC: [8] Undefined index: key F:\phpStudy\WWW\miniganzhoumaiche\App\Api\Conf\config.php 第 66 行.

[ 2017-10-10T15:04:50+08:00 ] ::1 /miniganzhoumaiche/index.php/Api/Login/authlogin
NOTIC: [8] Use of undefined constant SHOW_PAGE_TRACE - assumed 'SHOW_PAGE_TRACE' F:\phpStudy\WWW\miniganzhoumaiche\App\Common\Conf\debug.php 第 4 行.
INFO: [ app_init ] --START--
INFO: Run Behavior\BuildLiteBehavior [ RunTime:0.000017s ]
INFO: [ app_init ] --END-- [ RunTime:0.000073s ]
NOTIC: [8] Undefined variable: sckey F:\phpStudy\WWW\miniganzhoumaiche\App\Api\Conf\config.php 第 33 行.
NOTIC: [8] Undefined variable: sckey F:\phpStudy\WWW\miniganzhoumaiche\App\Api\Conf\config.php 第 33 行.
NOTIC: [8] Undefined variable: sckey F:\phpStudy\WWW\miniganzhoumaiche\App\Api\Conf\config.php 第 33 行.
NOTIC: [8] Use of undefined constant LOAD_EXT_CONFIG - assumed 'LOAD_EXT_CONFIG' F:\phpStudy\WWW\miniganzhoumaiche\App\Api\Conf\config.php 第 40 行.
NOTIC: [8] Undefined variable: notify_url F:\phpStudy\WWW\miniganzhoumaiche\App\Api\Conf\config.php 第 55 行.
NOTIC: [8] Undefined variable: return_url F:\phpStudy\WWW\miniganzhoumaiche\App\Api\Conf\config.php 第 58 行.
NOTIC: [8] Undefined index: key F:\phpStudy\WWW\miniganzhoumaiche\App\Api\Conf\config.php 第 62 行.
NOTIC: [8] Undefined index: key F:\phpStudy\WWW\miniganzhoumaiche\App\Api\Conf\config.php 第 66 行.

[ 2017-10-10T15:04:50+08:00 ] ::1 /miniganzhoumaiche/index.php/Api/Index/index
NOTIC: [8] Use of undefined constant SHOW_PAGE_TRACE - assumed 'SHOW_PAGE_TRACE' F:\phpStudy\WWW\miniganzhoumaiche\App\Common\Conf\debug.php 第 4 行.
INFO: [ app_init ] --START--
INFO: Run Behavior\BuildLiteBehavior [ RunTime:0.000016s ]
INFO: [ app_init ] --END-- [ RunTime:0.000068s ]
NOTIC: [8] Undefined variable: sckey F:\phpStudy\WWW\miniganzhoumaiche\App\Api\Conf\config.php 第 33 行.
NOTIC: [8] Undefined variable: sckey F:\phpStudy\WWW\miniganzhoumaiche\App\Api\Conf\config.php 第 33 行.
NOTIC: [8] Undefined variable: sckey F:\phpStudy\WWW\miniganzhoumaiche\App\Api\Conf\config.php 第 33 行.
NOTIC: [8] Use of undefined constant LOAD_EXT_CONFIG - assumed 'LOAD_EXT_CONFIG' F:\phpStudy\WWW\miniganzhoumaiche\App\Api\Conf\config.php 第 40 行.
NOTIC: [8] Undefined variable: notify_url F:\phpStudy\WWW\miniganzhoumaiche\App\Api\Conf\config.php 第 55 行.
NOTIC: [8] Undefined variable: return_url F:\phpStudy\WWW\miniganzhoumaiche\App\Api\Conf\config.php 第 58 行.
NOTIC: [8] Undefined index: key F:\phpStudy\WWW\miniganzhoumaiche\App\Api\Conf\config.php 第 62 行.
NOTIC: [8] Undefined index: key F:\phpStudy\WWW\miniganzhoumaiche\App\Api\Conf\config.php 第 66 行.

[ 2017-10-10T15:09:13+08:00 ] ::1 /miniganzhoumaiche/index.php/Api/Login/getsessionkey
NOTIC: [8] Use of undefined constant SHOW_PAGE_TRACE - assumed 'SHOW_PAGE_TRACE' F:\phpStudy\WWW\miniganzhoumaiche\App\Common\Conf\debug.php 第 4 行.
INFO: [ app_init ] --START--
INFO: Run Behavior\BuildLiteBehavior [ RunTime:0.000018s ]
INFO: [ app_init ] --END-- [ RunTime:0.000077s ]
NOTIC: [8] Undefined variable: sckey F:\phpStudy\WWW\miniganzhoumaiche\App\Api\Conf\config.php 第 33 行.
NOTIC: [8] Undefined variable: sckey F:\phpStudy\WWW\miniganzhoumaiche\App\Api\Conf\config.php 第 33 行.
NOTIC: [8] Undefined variable: sckey F:\phpStudy\WWW\miniganzhoumaiche\App\Api\Conf\config.php 第 33 行.
NOTIC: [8] Use of undefined constant LOAD_EXT_CONFIG - assumed 'LOAD_EXT_CONFIG' F:\phpStudy\WWW\miniganzhoumaiche\App\Api\Conf\config.php 第 40 行.
NOTIC: [8] Undefined variable: notify_url F:\phpStudy\WWW\miniganzhoumaiche\App\Api\Conf\config.php 第 55 行.
NOTIC: [8] Undefined variable: return_url F:\phpStudy\WWW\miniganzhoumaiche\App\Api\Conf\config.php 第 58 行.
NOTIC: [8] Undefined index: key F:\phpStudy\WWW\miniganzhoumaiche\App\Api\Conf\config.php 第 62 行.
NOTIC: [8] Undefined index: key F:\phpStudy\WWW\miniganzhoumaiche\App\Api\Conf\config.php 第 66 行.

[ 2017-10-10T15:09:13+08:00 ] ::1 /miniganzhoumaiche/index.php/Api/Login/authlogin
NOTIC: [8] Use of undefined constant SHOW_PAGE_TRACE - assumed 'SHOW_PAGE_TRACE' F:\phpStudy\WWW\miniganzhoumaiche\App\Common\Conf\debug.php 第 4 行.
INFO: [ app_init ] --START--
INFO: Run Behavior\BuildLiteBehavior [ RunTime:0.000014s ]
INFO: [ app_init ] --END-- [ RunTime:0.000064s ]
NOTIC: [8] Undefined variable: sckey F:\phpStudy\WWW\miniganzhoumaiche\App\Api\Conf\config.php 第 33 行.
NOTIC: [8] Undefined variable: sckey F:\phpStudy\WWW\miniganzhoumaiche\App\Api\Conf\config.php 第 33 行.
NOTIC: [8] Undefined variable: sckey F:\phpStudy\WWW\miniganzhoumaiche\App\Api\Conf\config.php 第 33 行.
NOTIC: [8] Use of undefined constant LOAD_EXT_CONFIG - assumed 'LOAD_EXT_CONFIG' F:\phpStudy\WWW\miniganzhoumaiche\App\Api\Conf\config.php 第 40 行.
NOTIC: [8] Undefined variable: notify_url F:\phpStudy\WWW\miniganzhoumaiche\App\Api\Conf\config.php 第 55 行.
NOTIC: [8] Undefined variable: return_url F:\phpStudy\WWW\miniganzhoumaiche\App\Api\Conf\config.php 第 58 行.
NOTIC: [8] Undefined index: key F:\phpStudy\WWW\miniganzhoumaiche\App\Api\Conf\config.php 第 62 行.
NOTIC: [8] Undefined index: key F:\phpStudy\WWW\miniganzhoumaiche\App\Api\Conf\config.php 第 66 行.

[ 2017-10-10T15:09:15+08:00 ] ::1 /miniganzhoumaiche/index.php/Api/Index/index
NOTIC: [8] Use of undefined constant SHOW_PAGE_TRACE - assumed 'SHOW_PAGE_TRACE' F:\phpStudy\WWW\miniganzhoumaiche\App\Common\Conf\debug.php 第 4 行.
INFO: [ app_init ] --START--
INFO: Run Behavior\BuildLiteBehavior [ RunTime:0.000016s ]
INFO: [ app_init ] --END-- [ RunTime:0.000073s ]
NOTIC: [8] Undefined variable: sckey F:\phpStudy\WWW\miniganzhoumaiche\App\Api\Conf\config.php 第 33 行.
NOTIC: [8] Undefined variable: sckey F:\phpStudy\WWW\miniganzhoumaiche\App\Api\Conf\config.php 第 33 行.
NOTIC: [8] Undefined variable: sckey F:\phpStudy\WWW\miniganzhoumaiche\App\Api\Conf\config.php 第 33 行.
NOTIC: [8] Use of undefined constant LOAD_EXT_CONFIG - assumed 'LOAD_EXT_CONFIG' F:\phpStudy\WWW\miniganzhoumaiche\App\Api\Conf\config.php 第 40 行.
NOTIC: [8] Undefined variable: notify_url F:\phpStudy\WWW\miniganzhoumaiche\App\Api\Conf\config.php 第 55 行.
NOTIC: [8] Undefined variable: return_url F:\phpStudy\WWW\miniganzhoumaiche\App\Api\Conf\config.php 第 58 行.
NOTIC: [8] Undefined index: key F:\phpStudy\WWW\miniganzhoumaiche\App\Api\Conf\config.php 第 62 行.
NOTIC: [8] Undefined index: key F:\phpStudy\WWW\miniganzhoumaiche\App\Api\Conf\config.php 第 66 行.

[ 2017-10-10T15:11:45+08:00 ] ::1 /miniganzhoumaiche/index.php/Api/Login/getsessionkey
NOTIC: [8] Use of undefined constant SHOW_PAGE_TRACE - assumed 'SHOW_PAGE_TRACE' F:\phpStudy\WWW\miniganzhoumaiche\App\Common\Conf\debug.php 第 4 行.
INFO: [ app_init ] --START--
INFO: Run Behavior\BuildLiteBehavior [ RunTime:0.000016s ]
INFO: [ app_init ] --END-- [ RunTime:0.000066s ]
NOTIC: [8] Undefined variable: sckey F:\phpStudy\WWW\miniganzhoumaiche\App\Api\Conf\config.php 第 33 行.
NOTIC: [8] Undefined variable: sckey F:\phpStudy\WWW\miniganzhoumaiche\App\Api\Conf\config.php 第 33 行.
NOTIC: [8] Undefined variable: sckey F:\phpStudy\WWW\miniganzhoumaiche\App\Api\Conf\config.php 第 33 行.
NOTIC: [8] Use of undefined constant LOAD_EXT_CONFIG - assumed 'LOAD_EXT_CONFIG' F:\phpStudy\WWW\miniganzhoumaiche\App\Api\Conf\config.php 第 40 行.
NOTIC: [8] Undefined variable: notify_url F:\phpStudy\WWW\miniganzhoumaiche\App\Api\Conf\config.php 第 55 行.
NOTIC: [8] Undefined variable: return_url F:\phpStudy\WWW\miniganzhoumaiche\App\Api\Conf\config.php 第 58 行.
NOTIC: [8] Undefined index: key F:\phpStudy\WWW\miniganzhoumaiche\App\Api\Conf\config.php 第 62 行.
NOTIC: [8] Undefined index: key F:\phpStudy\WWW\miniganzhoumaiche\App\Api\Conf\config.php 第 66 行.

[ 2017-10-10T15:11:45+08:00 ] ::1 /miniganzhoumaiche/index.php/Api/Login/authlogin
NOTIC: [8] Use of undefined constant SHOW_PAGE_TRACE - assumed 'SHOW_PAGE_TRACE' F:\phpStudy\WWW\miniganzhoumaiche\App\Common\Conf\debug.php 第 4 行.
INFO: [ app_init ] --START--
INFO: Run Behavior\BuildLiteBehavior [ RunTime:0.000018s ]
INFO: [ app_init ] --END-- [ RunTime:0.000075s ]
NOTIC: [8] Undefined variable: sckey F:\phpStudy\WWW\miniganzhoumaiche\App\Api\Conf\config.php 第 33 行.
NOTIC: [8] Undefined variable: sckey F:\phpStudy\WWW\miniganzhoumaiche\App\Api\Conf\config.php 第 33 行.
NOTIC: [8] Undefined variable: sckey F:\phpStudy\WWW\miniganzhoumaiche\App\Api\Conf\config.php 第 33 行.
NOTIC: [8] Use of undefined constant LOAD_EXT_CONFIG - assumed 'LOAD_EXT_CONFIG' F:\phpStudy\WWW\miniganzhoumaiche\App\Api\Conf\config.php 第 40 行.
NOTIC: [8] Undefined variable: notify_url F:\phpStudy\WWW\miniganzhoumaiche\App\Api\Conf\config.php 第 55 行.
NOTIC: [8] Undefined variable: return_url F:\phpStudy\WWW\miniganzhoumaiche\App\Api\Conf\config.php 第 58 行.
NOTIC: [8] Undefined index: key F:\phpStudy\WWW\miniganzhoumaiche\App\Api\Conf\config.php 第 62 行.
NOTIC: [8] Undefined index: key F:\phpStudy\WWW\miniganzhoumaiche\App\Api\Conf\config.php 第 66 行.

[ 2017-10-10T15:11:47+08:00 ] ::1 /miniganzhoumaiche/index.php/Api/Index/index
NOTIC: [8] Use of undefined constant SHOW_PAGE_TRACE - assumed 'SHOW_PAGE_TRACE' F:\phpStudy\WWW\miniganzhoumaiche\App\Common\Conf\debug.php 第 4 行.
INFO: [ app_init ] --START--
INFO: Run Behavior\BuildLiteBehavior [ RunTime:0.000017s ]
INFO: [ app_init ] --END-- [ RunTime:0.000070s ]
NOTIC: [8] Undefined variable: sckey F:\phpStudy\WWW\miniganzhoumaiche\App\Api\Conf\config.php 第 33 行.
NOTIC: [8] Undefined variable: sckey F:\phpStudy\WWW\miniganzhoumaiche\App\Api\Conf\config.php 第 33 行.
NOTIC: [8] Undefined variable: sckey F:\phpStudy\WWW\miniganzhoumaiche\App\Api\Conf\config.php 第 33 行.
NOTIC: [8] Use of undefined constant LOAD_EXT_CONFIG - assumed 'LOAD_EXT_CONFIG' F:\phpStudy\WWW\miniganzhoumaiche\App\Api\Conf\config.php 第 40 行.
NOTIC: [8] Undefined variable: notify_url F:\phpStudy\WWW\miniganzhoumaiche\App\Api\Conf\config.php 第 55 行.
NOTIC: [8] Undefined variable: return_url F:\phpStudy\WWW\miniganzhoumaiche\App\Api\Conf\config.php 第 58 行.
NOTIC: [8] Undefined index: key F:\phpStudy\WWW\miniganzhoumaiche\App\Api\Conf\config.php 第 62 行.
NOTIC: [8] Undefined index: key F:\phpStudy\WWW\miniganzhoumaiche\App\Api\Conf\config.php 第 66 行.

[ 2017-10-10T15:14:28+08:00 ] ::1 /miniganzhoumaiche/index.php/Api/User/appoint
NOTIC: [8] Use of undefined constant SHOW_PAGE_TRACE - assumed 'SHOW_PAGE_TRACE' F:\phpStudy\WWW\miniganzhoumaiche\App\Common\Conf\debug.php 第 4 行.
INFO: [ app_init ] --START--
INFO: Run Behavior\BuildLiteBehavior [ RunTime:0.000014s ]
INFO: [ app_init ] --END-- [ RunTime:0.000060s ]
NOTIC: [8] Undefined variable: sckey F:\phpStudy\WWW\miniganzhoumaiche\App\Api\Conf\config.php 第 33 行.
NOTIC: [8] Undefined variable: sckey F:\phpStudy\WWW\miniganzhoumaiche\App\Api\Conf\config.php 第 33 行.
NOTIC: [8] Undefined variable: sckey F:\phpStudy\WWW\miniganzhoumaiche\App\Api\Conf\config.php 第 33 行.
NOTIC: [8] Use of undefined constant LOAD_EXT_CONFIG - assumed 'LOAD_EXT_CONFIG' F:\phpStudy\WWW\miniganzhoumaiche\App\Api\Conf\config.php 第 40 行.
NOTIC: [8] Undefined variable: notify_url F:\phpStudy\WWW\miniganzhoumaiche\App\Api\Conf\config.php 第 55 行.
NOTIC: [8] Undefined variable: return_url F:\phpStudy\WWW\miniganzhoumaiche\App\Api\Conf\config.php 第 58 行.
NOTIC: [8] Undefined index: key F:\phpStudy\WWW\miniganzhoumaiche\App\Api\Conf\config.php 第 62 行.
NOTIC: [8] Undefined index: key F:\phpStudy\WWW\miniganzhoumaiche\App\Api\Conf\config.php 第 66 行.

[ 2017-10-10T15:19:09+08:00 ] ::1 /miniganzhoumaiche/index.php/Api/User/appoint
NOTIC: [8] Use of undefined constant SHOW_PAGE_TRACE - assumed 'SHOW_PAGE_TRACE' F:\phpStudy\WWW\miniganzhoumaiche\App\Common\Conf\debug.php 第 4 行.
INFO: [ app_init ] --START--
INFO: Run Behavior\BuildLiteBehavior [ RunTime:0.000015s ]
INFO: [ app_init ] --END-- [ RunTime:0.000065s ]
NOTIC: [8] Undefined variable: sckey F:\phpStudy\WWW\miniganzhoumaiche\App\Api\Conf\config.php 第 33 行.
NOTIC: [8] Undefined variable: sckey F:\phpStudy\WWW\miniganzhoumaiche\App\Api\Conf\config.php 第 33 行.
NOTIC: [8] Undefined variable: sckey F:\phpStudy\WWW\miniganzhoumaiche\App\Api\Conf\config.php 第 33 行.
NOTIC: [8] Use of undefined constant LOAD_EXT_CONFIG - assumed 'LOAD_EXT_CONFIG' F:\phpStudy\WWW\miniganzhoumaiche\App\Api\Conf\config.php 第 40 行.
NOTIC: [8] Undefined variable: notify_url F:\phpStudy\WWW\miniganzhoumaiche\App\Api\Conf\config.php 第 55 行.
NOTIC: [8] Undefined variable: return_url F:\phpStudy\WWW\miniganzhoumaiche\App\Api\Conf\config.php 第 58 行.
NOTIC: [8] Undefined index: key F:\phpStudy\WWW\miniganzhoumaiche\App\Api\Conf\config.php 第 62 行.
NOTIC: [8] Undefined index: key F:\phpStudy\WWW\miniganzhoumaiche\App\Api\Conf\config.php 第 66 行.

[ 2017-10-10T16:07:32+08:00 ] ::1 /miniganzhoumaiche/index.php/Api/User/appoint
NOTIC: [8] Use of undefined constant SHOW_PAGE_TRACE - assumed 'SHOW_PAGE_TRACE' F:\phpStudy\WWW\miniganzhoumaiche\App\Common\Conf\debug.php 第 4 行.
INFO: [ app_init ] --START--
INFO: Run Behavior\BuildLiteBehavior [ RunTime:0.000015s ]
INFO: [ app_init ] --END-- [ RunTime:0.000067s ]
NOTIC: [8] Undefined variable: sckey F:\phpStudy\WWW\miniganzhoumaiche\App\Api\Conf\config.php 第 33 行.
NOTIC: [8] Undefined variable: sckey F:\phpStudy\WWW\miniganzhoumaiche\App\Api\Conf\config.php 第 33 行.
NOTIC: [8] Undefined variable: sckey F:\phpStudy\WWW\miniganzhoumaiche\App\Api\Conf\config.php 第 33 行.
NOTIC: [8] Use of undefined constant LOAD_EXT_CONFIG - assumed 'LOAD_EXT_CONFIG' F:\phpStudy\WWW\miniganzhoumaiche\App\Api\Conf\config.php 第 40 行.
NOTIC: [8] Undefined variable: notify_url F:\phpStudy\WWW\miniganzhoumaiche\App\Api\Conf\config.php 第 55 行.
NOTIC: [8] Undefined variable: return_url F:\phpStudy\WWW\miniganzhoumaiche\App\Api\Conf\config.php 第 58 行.
NOTIC: [8] Undefined index: key F:\phpStudy\WWW\miniganzhoumaiche\App\Api\Conf\config.php 第 62 行.
NOTIC: [8] Undefined index: key F:\phpStudy\WWW\miniganzhoumaiche\App\Api\Conf\config.php 第 66 行.

